b4c03dfc64b0c0ff-Traceback (most recent call last):
  File "C:/Users/lenovo/Desktop/小满海关数据爬取/step1.py", line 83, in get_data
    p3 = Process(target=step3(datas, siccode, page), name='step3')  # 调用第三步
  File "C:\Users\lenovo\Desktop\小满海关数据爬取\step3.py", line 233, in step3
    sp.get_data(hi[0], 'IMPORT', siccode, allpage)
  File "C:\Users\lenovo\Desktop\小满海关数据爬取\step3.py", line 73, in get_data
    self.config.set('hashid3', hashid)
  File "C:\Users\lenovo\Desktop\小满海关数据爬取\Util\Config.py", line 19, in set
    self.config.write(open('./Config.ini', 'w'))  # 保存配置
PermissionError: [Errno 13] Permission denied: './Config.ini'

During handling of the above exception, another exception occurred:

Traceback (most recent call last):
  File "C:\Users\lenovo\Desktop\小满海关数据爬取\step4.py", line 105, in get_data
    self.write2sql(sql)
  File "C:\Users\lenovo\Desktop\小满海关数据爬取\step4.py", line 120, in write2sql
    cur.execute(sql)
  File "D:\ProgramData\Anaconda3\lib\site-packages\pymysql\cursors.py", line 170, in execute
    result = self._query(query)
  File "D:\ProgramData\Anaconda3\lib\site-packages\pymysql\cursors.py", line 328, in _query
    conn.query(q)
  File "D:\ProgramData\Anaconda3\lib\site-packages\pymysql\connections.py", line 516, in query
    self._affected_rows = self._read_query_result(unbuffered=unbuffered)
  File "D:\ProgramData\Anaconda3\lib\site-packages\pymysql\connections.py", line 727, in _read_query_result
    result.read()
  File "D:\ProgramData\Anaconda3\lib\site-packages\pymysql\connections.py", line 1066, in read
    first_packet = self.connection._read_packet()
  File "D:\ProgramData\Anaconda3\lib\site-packages\pymysql\connections.py", line 683, in _read_packet
    packet.check_error()
  File "D:\ProgramData\Anaconda3\lib\site-packages\pymysql\protocol.py", line 220, in check_error
    err.raise_mysql_exception(self._data)
  File "D:\ProgramData\Anaconda3\lib\site-packages\pymysql\err.py", line 109, in raise_mysql_exception
    raise errorclass(errno, errval)
pymysql.err.ProgrammingError: (1146, "Table 'xiaoman.cont' doesn't exist")
&b4c03dfc64b0c0ff-Traceback (most recent call last):
  File "C:/Users/lenovo/Desktop/小满海关数据爬取/step1.py", line 83, in get_data
    p3 = Process(target=step3(datas, siccode, page), name='step3')  # 调用第三步
  File "C:\Users\lenovo\Desktop\小满海关数据爬取\step3.py", line 233, in step3
    sp.get_data(hi[0], 'IMPORT', siccode, allpage)
  File "C:\Users\lenovo\Desktop\小满海关数据爬取\step3.py", line 73, in get_data
    self.config.set('hashid3', hashid)
  File "C:\Users\lenovo\Desktop\小满海关数据爬取\Util\Config.py", line 19, in set
    self.config.write(open('./Config.ini', 'w'))  # 保存配置
PermissionError: [Errno 13] Permission denied: './Config.ini'

During handling of the above exception, another exception occurred:

Traceback (most recent call last):
  File "C:\Users\lenovo\Desktop\小满海关数据爬取\step4.py", line 105, in get_data
    self.write2sql(sql)
  File "C:\Users\lenovo\Desktop\小满海关数据爬取\step4.py", line 120, in write2sql
    cur.execute(sql)
  File "D:\ProgramData\Anaconda3\lib\site-packages\pymysql\cursors.py", line 170, in execute
    result = self._query(query)
  File "D:\ProgramData\Anaconda3\lib\site-packages\pymysql\cursors.py", line 328, in _query
    conn.query(q)
  File "D:\ProgramData\Anaconda3\lib\site-packages\pymysql\connections.py", line 516, in query
    self._affected_rows = self._read_query_result(unbuffered=unbuffered)
  File "D:\ProgramData\Anaconda3\lib\site-packages\pymysql\connections.py", line 727, in _read_query_result
    result.read()
  File "D:\ProgramData\Anaconda3\lib\site-packages\pymysql\connections.py", line 1066, in read
    first_packet = self.connection._read_packet()
  File "D:\ProgramData\Anaconda3\lib\site-packages\pymysql\connections.py", line 683, in _read_packet
    packet.check_error()
  File "D:\ProgramData\Anaconda3\lib\site-packages\pymysql\protocol.py", line 220, in check_error
    err.raise_mysql_exception(self._data)
  File "D:\ProgramData\Anaconda3\lib\site-packages\pymysql\err.py", line 109, in raise_mysql_exception
    raise errorclass(errno, errval)
pymysql.err.ProgrammingError: (1146, "Table 'xiaoman.cont' doesn't exist")
&