dezifdc89dca7a43dd32e44f8f813fd7d12d-Traceback (most recent call last):
  File "D:\Anaconda\lib\site-packages\pymysql\connections.py", line 690, in _read_bytes
    data = self._rfile.read(num_bytes)
  File "D:\Anaconda\lib\socket.py", line 586, in readinto
    return self._sock.recv_into(b)
ConnectionAbortedError: [WinError 10053] 你的主机中的软件中止了一个已建立的连接。

During handling of the above exception, another exception occurred:

Traceback (most recent call last):
  File "C:\Users\YQ\Desktop\小满海关数据爬取\step2.py", line 104, in get_data
    self.write2sql(sql)
  File "C:\Users\YQ\Desktop\小满海关数据爬取\step2.py", line 234, in write2sql
    cur1.execute(sql)
  File "D:\Anaconda\lib\site-packages\pymysql\cursors.py", line 170, in execute
    result = self._query(query)
  File "D:\Anaconda\lib\site-packages\pymysql\cursors.py", line 328, in _query
    conn.query(q)
  File "D:\Anaconda\lib\site-packages\pymysql\connections.py", line 516, in query
    self._affected_rows = self._read_query_result(unbuffered=unbuffered)
  File "D:\Anaconda\lib\site-packages\pymysql\connections.py", line 727, in _read_query_result
    result.read()
  File "D:\Anaconda\lib\site-packages\pymysql\connections.py", line 1066, in read
    first_packet = self.connection._read_packet()
  File "D:\Anaconda\lib\site-packages\pymysql\connections.py", line 656, in _read_packet
    packet_header = self._read_bytes(4)
  File "D:\Anaconda\lib\site-packages\pymysql\connections.py", line 698, in _read_bytes
    "Lost connection to MySQL server during query (%s)" % (e,))
pymysql.err.OperationalError: (2013, 'Lost connection to MySQL server during query ([WinError 10053] 你的主机中的软件中止了一个已建立的连接。)')
&926f5a8a51e722cb-Traceback (most recent call last):
  File "C:\Users\YQ\Desktop\小满海关数据爬取\step2.py", line 104, in get_data
    self.write2sql(sql)
  File "C:\Users\YQ\Desktop\小满海关数据爬取\step2.py", line 234, in write2sql
    cur1.execute(sql)
  File "D:\Anaconda\lib\site-packages\pymysql\cursors.py", line 170, in execute
    result = self._query(query)
  File "D:\Anaconda\lib\site-packages\pymysql\cursors.py", line 328, in _query
    conn.query(q)
  File "D:\Anaconda\lib\site-packages\pymysql\connections.py", line 515, in query
    self._execute_command(COMMAND.COM_QUERY, sql)
  File "D:\Anaconda\lib\site-packages\pymysql\connections.py", line 745, in _execute_command
    raise err.InterfaceError("(0, '')")
pymysql.err.InterfaceError: (0, '')
&02ba4a435c6266c5-Traceback (most recent call last):
  File "C:\Users\YQ\Desktop\小满海关数据爬取\step2.py", line 104, in get_data
    self.write2sql(sql)
  File "C:\Users\YQ\Desktop\小满海关数据爬取\step2.py", line 234, in write2sql
    cur1.execute(sql)
  File "D:\Anaconda\lib\site-packages\pymysql\cursors.py", line 170, in execute
    result = self._query(query)
  File "D:\Anaconda\lib\site-packages\pymysql\cursors.py", line 328, in _query
    conn.query(q)
  File "D:\Anaconda\lib\site-packages\pymysql\connections.py", line 515, in query
    self._execute_command(COMMAND.COM_QUERY, sql)
  File "D:\Anaconda\lib\site-packages\pymysql\connections.py", line 745, in _execute_command
    raise err.InterfaceError("(0, '')")
pymysql.err.InterfaceError: (0, '')
&43deec78f7b156e4-Traceback (most recent call last):
  File "C:\Users\YQ\Desktop\小满海关数据爬取\step2.py", line 104, in get_data
    self.write2sql(sql)
  File "C:\Users\YQ\Desktop\小满海关数据爬取\step2.py", line 234, in write2sql
    cur1.execute(sql)
  File "D:\Anaconda\lib\site-packages\pymysql\cursors.py", line 170, in execute
    result = self._query(query)
  File "D:\Anaconda\lib\site-packages\pymysql\cursors.py", line 328, in _query
    conn.query(q)
  File "D:\Anaconda\lib\site-packages\pymysql\connections.py", line 515, in query
    self._execute_command(COMMAND.COM_QUERY, sql)
  File "D:\Anaconda\lib\site-packages\pymysql\connections.py", line 745, in _execute_command
    raise err.InterfaceError("(0, '')")
pymysql.err.InterfaceError: (0, '')
&fa29e7437f6cf386-Traceback (most recent call last):
  File "C:\Users\YQ\Desktop\小满海关数据爬取\step2.py", line 104, in get_data
    self.write2sql(sql)
  File "C:\Users\YQ\Desktop\小满海关数据爬取\step2.py", line 234, in write2sql
    cur1.execute(sql)
  File "D:\Anaconda\lib\site-packages\pymysql\cursors.py", line 170, in execute
    result = self._query(query)
  File "D:\Anaconda\lib\site-packages\pymysql\cursors.py", line 328, in _query
    conn.query(q)
  File "D:\Anaconda\lib\site-packages\pymysql\connections.py", line 515, in query
    self._execute_command(COMMAND.COM_QUERY, sql)
  File "D:\Anaconda\lib\site-packages\pymysql\connections.py", line 745, in _execute_command
    raise err.InterfaceError("(0, '')")
pymysql.err.InterfaceError: (0, '')
&7deecc11dfabcfaa-Traceback (most recent call last):
  File "C:\Users\YQ\Desktop\小满海关数据爬取\step2.py", line 104, in get_data
    self.write2sql(sql)
  File "C:\Users\YQ\Desktop\小满海关数据爬取\step2.py", line 234, in write2sql
    cur1.execute(sql)
  File "D:\Anaconda\lib\site-packages\pymysql\cursors.py", line 170, in execute
    result = self._query(query)
  File "D:\Anaconda\lib\site-packages\pymysql\cursors.py", line 328, in _query
    conn.query(q)
  File "D:\Anaconda\lib\site-packages\pymysql\connections.py", line 515, in query
    self._execute_command(COMMAND.COM_QUERY, sql)
  File "D:\Anaconda\lib\site-packages\pymysql\connections.py", line 745, in _execute_command
    raise err.InterfaceError("(0, '')")
pymysql.err.InterfaceError: (0, '')
&usziaaecdd8f2a5026a922401fde8edf4fb8-Traceback (most recent call last):
  File "C:\Users\YQ\Desktop\小满海关数据爬取\step2.py", line 104, in get_data
    self.write2sql(sql)
  File "C:\Users\YQ\Desktop\小满海关数据爬取\step2.py", line 234, in write2sql
    cur1.execute(sql)
  File "D:\Anaconda\lib\site-packages\pymysql\cursors.py", line 170, in execute
    result = self._query(query)
  File "D:\Anaconda\lib\site-packages\pymysql\cursors.py", line 328, in _query
    conn.query(q)
  File "D:\Anaconda\lib\site-packages\pymysql\connections.py", line 515, in query
    self._execute_command(COMMAND.COM_QUERY, sql)
  File "D:\Anaconda\lib\site-packages\pymysql\connections.py", line 745, in _execute_command
    raise err.InterfaceError("(0, '')")
pymysql.err.InterfaceError: (0, '')
&cnzi57fc02ef079347d347aa6179460b8db6-Traceback (most recent call last):
  File "C:\Users\YQ\Desktop\小满海关数据爬取\step2.py", line 104, in get_data
    self.write2sql(sql)
  File "C:\Users\YQ\Desktop\小满海关数据爬取\step2.py", line 234, in write2sql
    cur1.execute(sql)
  File "D:\Anaconda\lib\site-packages\pymysql\cursors.py", line 170, in execute
    result = self._query(query)
  File "D:\Anaconda\lib\site-packages\pymysql\cursors.py", line 328, in _query
    conn.query(q)
  File "D:\Anaconda\lib\site-packages\pymysql\connections.py", line 515, in query
    self._execute_command(COMMAND.COM_QUERY, sql)
  File "D:\Anaconda\lib\site-packages\pymysql\connections.py", line 745, in _execute_command
    raise err.InterfaceError("(0, '')")
pymysql.err.InterfaceError: (0, '')
&ce1647c7e5ba8ef5-Traceback (most recent call last):
  File "C:\Users\YQ\Desktop\小满海关数据爬取\step2.py", line 104, in get_data
    self.write2sql(sql)
  File "C:\Users\YQ\Desktop\小满海关数据爬取\step2.py", line 234, in write2sql
    cur1.execute(sql)
  File "D:\Anaconda\lib\site-packages\pymysql\cursors.py", line 170, in execute
    result = self._query(query)
  File "D:\Anaconda\lib\site-packages\pymysql\cursors.py", line 328, in _query
    conn.query(q)
  File "D:\Anaconda\lib\site-packages\pymysql\connections.py", line 515, in query
    self._execute_command(COMMAND.COM_QUERY, sql)
  File "D:\Anaconda\lib\site-packages\pymysql\connections.py", line 745, in _execute_command
    raise err.InterfaceError("(0, '')")
pymysql.err.InterfaceError: (0, '')
&2272699c0e419cc8-Traceback (most recent call last):
  File "C:\Users\YQ\Desktop\小满海关数据爬取\step2.py", line 104, in get_data
    self.write2sql(sql)
  File "C:\Users\YQ\Desktop\小满海关数据爬取\step2.py", line 234, in write2sql
    cur1.execute(sql)
  File "D:\Anaconda\lib\site-packages\pymysql\cursors.py", line 170, in execute
    result = self._query(query)
  File "D:\Anaconda\lib\site-packages\pymysql\cursors.py", line 328, in _query
    conn.query(q)
  File "D:\Anaconda\lib\site-packages\pymysql\connections.py", line 515, in query
    self._execute_command(COMMAND.COM_QUERY, sql)
  File "D:\Anaconda\lib\site-packages\pymysql\connections.py", line 745, in _execute_command
    raise err.InterfaceError("(0, '')")
pymysql.err.InterfaceError: (0, '')
&8e7d859da4e7da9c-Traceback (most recent call last):
  File "C:\Users\YQ\Desktop\小满海关数据爬取\step2.py", line 104, in get_data
    self.write2sql(sql)
  File "C:\Users\YQ\Desktop\小满海关数据爬取\step2.py", line 234, in write2sql
    cur1.execute(sql)
  File "D:\Anaconda\lib\site-packages\pymysql\cursors.py", line 170, in execute
    result = self._query(query)
  File "D:\Anaconda\lib\site-packages\pymysql\cursors.py", line 328, in _query
    conn.query(q)
  File "D:\Anaconda\lib\site-packages\pymysql\connections.py", line 515, in query
    self._execute_command(COMMAND.COM_QUERY, sql)
  File "D:\Anaconda\lib\site-packages\pymysql\connections.py", line 745, in _execute_command
    raise err.InterfaceError("(0, '')")
pymysql.err.InterfaceError: (0, '')
&7e9aae82ac21da93-Traceback (most recent call last):
  File "C:\Users\YQ\Desktop\小满海关数据爬取\step2.py", line 104, in get_data
    self.write2sql(sql)
  File "C:\Users\YQ\Desktop\小满海关数据爬取\step2.py", line 234, in write2sql
    cur1.execute(sql)
  File "D:\Anaconda\lib\site-packages\pymysql\cursors.py", line 170, in execute
    result = self._query(query)
  File "D:\Anaconda\lib\site-packages\pymysql\cursors.py", line 328, in _query
    conn.query(q)
  File "D:\Anaconda\lib\site-packages\pymysql\connections.py", line 515, in query
    self._execute_command(COMMAND.COM_QUERY, sql)
  File "D:\Anaconda\lib\site-packages\pymysql\connections.py", line 745, in _execute_command
    raise err.InterfaceError("(0, '')")
pymysql.err.InterfaceError: (0, '')
&9d73b25663439df2-Traceback (most recent call last):
  File "C:\Users\YQ\Desktop\小满海关数据爬取\step2.py", line 104, in get_data
    self.write2sql(sql)
  File "C:\Users\YQ\Desktop\小满海关数据爬取\step2.py", line 234, in write2sql
    cur1.execute(sql)
  File "D:\Anaconda\lib\site-packages\pymysql\cursors.py", line 170, in execute
    result = self._query(query)
  File "D:\Anaconda\lib\site-packages\pymysql\cursors.py", line 328, in _query
    conn.query(q)
  File "D:\Anaconda\lib\site-packages\pymysql\connections.py", line 515, in query
    self._execute_command(COMMAND.COM_QUERY, sql)
  File "D:\Anaconda\lib\site-packages\pymysql\connections.py", line 745, in _execute_command
    raise err.InterfaceError("(0, '')")
pymysql.err.InterfaceError: (0, '')
&8cb96c3b77c2c003-Traceback (most recent call last):
  File "C:\Users\YQ\Desktop\小满海关数据爬取\step2.py", line 104, in get_data
    self.write2sql(sql)
  File "C:\Users\YQ\Desktop\小满海关数据爬取\step2.py", line 234, in write2sql
    cur1.execute(sql)
  File "D:\Anaconda\lib\site-packages\pymysql\cursors.py", line 170, in execute
    result = self._query(query)
  File "D:\Anaconda\lib\site-packages\pymysql\cursors.py", line 328, in _query
    conn.query(q)
  File "D:\Anaconda\lib\site-packages\pymysql\connections.py", line 515, in query
    self._execute_command(COMMAND.COM_QUERY, sql)
  File "D:\Anaconda\lib\site-packages\pymysql\connections.py", line 745, in _execute_command
    raise err.InterfaceError("(0, '')")
pymysql.err.InterfaceError: (0, '')
&ca08ae099eea8a8b-Traceback (most recent call last):
  File "C:\Users\YQ\Desktop\小满海关数据爬取\step2.py", line 104, in get_data
    self.write2sql(sql)
  File "C:\Users\YQ\Desktop\小满海关数据爬取\step2.py", line 234, in write2sql
    cur1.execute(sql)
  File "D:\Anaconda\lib\site-packages\pymysql\cursors.py", line 170, in execute
    result = self._query(query)
  File "D:\Anaconda\lib\site-packages\pymysql\cursors.py", line 328, in _query
    conn.query(q)
  File "D:\Anaconda\lib\site-packages\pymysql\connections.py", line 515, in query
    self._execute_command(COMMAND.COM_QUERY, sql)
  File "D:\Anaconda\lib\site-packages\pymysql\connections.py", line 745, in _execute_command
    raise err.InterfaceError("(0, '')")
pymysql.err.InterfaceError: (0, '')
&6bff8bc26d5728e3-Traceback (most recent call last):
  File "C:\Users\YQ\Desktop\小满海关数据爬取\step2.py", line 104, in get_data
    self.write2sql(sql)
  File "C:\Users\YQ\Desktop\小满海关数据爬取\step2.py", line 234, in write2sql
    cur1.execute(sql)
  File "D:\Anaconda\lib\site-packages\pymysql\cursors.py", line 170, in execute
    result = self._query(query)
  File "D:\Anaconda\lib\site-packages\pymysql\cursors.py", line 328, in _query
    conn.query(q)
  File "D:\Anaconda\lib\site-packages\pymysql\connections.py", line 515, in query
    self._execute_command(COMMAND.COM_QUERY, sql)
  File "D:\Anaconda\lib\site-packages\pymysql\connections.py", line 745, in _execute_command
    raise err.InterfaceError("(0, '')")
pymysql.err.InterfaceError: (0, '')
&d218e069de0fe5cc-Traceback (most recent call last):
  File "C:\Users\YQ\Desktop\小满海关数据爬取\step2.py", line 104, in get_data
    self.write2sql(sql)
  File "C:\Users\YQ\Desktop\小满海关数据爬取\step2.py", line 234, in write2sql
    cur1.execute(sql)
  File "D:\Anaconda\lib\site-packages\pymysql\cursors.py", line 170, in execute
    result = self._query(query)
  File "D:\Anaconda\lib\site-packages\pymysql\cursors.py", line 328, in _query
    conn.query(q)
  File "D:\Anaconda\lib\site-packages\pymysql\connections.py", line 515, in query
    self._execute_command(COMMAND.COM_QUERY, sql)
  File "D:\Anaconda\lib\site-packages\pymysql\connections.py", line 745, in _execute_command
    raise err.InterfaceError("(0, '')")
pymysql.err.InterfaceError: (0, '')
&b3eb6bb196ba5d10-Traceback (most recent call last):
  File "C:\Users\YQ\Desktop\小满海关数据爬取\step2.py", line 104, in get_data
    self.write2sql(sql)
  File "C:\Users\YQ\Desktop\小满海关数据爬取\step2.py", line 234, in write2sql
    cur1.execute(sql)
  File "D:\Anaconda\lib\site-packages\pymysql\cursors.py", line 170, in execute
    result = self._query(query)
  File "D:\Anaconda\lib\site-packages\pymysql\cursors.py", line 328, in _query
    conn.query(q)
  File "D:\Anaconda\lib\site-packages\pymysql\connections.py", line 515, in query
    self._execute_command(COMMAND.COM_QUERY, sql)
  File "D:\Anaconda\lib\site-packages\pymysql\connections.py", line 745, in _execute_command
    raise err.InterfaceError("(0, '')")
pymysql.err.InterfaceError: (0, '')
&178859f269a23e15-Traceback (most recent call last):
  File "C:\Users\YQ\Desktop\小满海关数据爬取\step2.py", line 104, in get_data
    self.write2sql(sql)
  File "C:\Users\YQ\Desktop\小满海关数据爬取\step2.py", line 234, in write2sql
    cur1.execute(sql)
  File "D:\Anaconda\lib\site-packages\pymysql\cursors.py", line 170, in execute
    result = self._query(query)
  File "D:\Anaconda\lib\site-packages\pymysql\cursors.py", line 328, in _query
    conn.query(q)
  File "D:\Anaconda\lib\site-packages\pymysql\connections.py", line 515, in query
    self._execute_command(COMMAND.COM_QUERY, sql)
  File "D:\Anaconda\lib\site-packages\pymysql\connections.py", line 745, in _execute_command
    raise err.InterfaceError("(0, '')")
pymysql.err.InterfaceError: (0, '')
&47dd4a05254831ef-Traceback (most recent call last):
  File "C:\Users\YQ\Desktop\小满海关数据爬取\step2.py", line 104, in get_data
    self.write2sql(sql)
  File "C:\Users\YQ\Desktop\小满海关数据爬取\step2.py", line 234, in write2sql
    cur1.execute(sql)
  File "D:\Anaconda\lib\site-packages\pymysql\cursors.py", line 170, in execute
    result = self._query(query)
  File "D:\Anaconda\lib\site-packages\pymysql\cursors.py", line 328, in _query
    conn.query(q)
  File "D:\Anaconda\lib\site-packages\pymysql\connections.py", line 515, in query
    self._execute_command(COMMAND.COM_QUERY, sql)
  File "D:\Anaconda\lib\site-packages\pymysql\connections.py", line 745, in _execute_command
    raise err.InterfaceError("(0, '')")
pymysql.err.InterfaceError: (0, '')
&frzi4d130b6e8535a54af787900cab1fe524-Traceback (most recent call last):
  File "C:\Users\YQ\Desktop\小满海关数据爬取\step2.py", line 104, in get_data
    self.write2sql(sql)
  File "C:\Users\YQ\Desktop\小满海关数据爬取\step2.py", line 234, in write2sql
    cur1.execute(sql)
  File "D:\Anaconda\lib\site-packages\pymysql\cursors.py", line 170, in execute
    result = self._query(query)
  File "D:\Anaconda\lib\site-packages\pymysql\cursors.py", line 328, in _query
    conn.query(q)
  File "D:\Anaconda\lib\site-packages\pymysql\connections.py", line 515, in query
    self._execute_command(COMMAND.COM_QUERY, sql)
  File "D:\Anaconda\lib\site-packages\pymysql\connections.py", line 745, in _execute_command
    raise err.InterfaceError("(0, '')")
pymysql.err.InterfaceError: (0, '')
&4065c2e208dcf5bd-Traceback (most recent call last):
  File "C:\Users\YQ\Desktop\小满海关数据爬取\step2.py", line 104, in get_data
    self.write2sql(sql)
  File "C:\Users\YQ\Desktop\小满海关数据爬取\step2.py", line 234, in write2sql
    cur1.execute(sql)
  File "D:\Anaconda\lib\site-packages\pymysql\cursors.py", line 170, in execute
    result = self._query(query)
  File "D:\Anaconda\lib\site-packages\pymysql\cursors.py", line 328, in _query
    conn.query(q)
  File "D:\Anaconda\lib\site-packages\pymysql\connections.py", line 515, in query
    self._execute_command(COMMAND.COM_QUERY, sql)
  File "D:\Anaconda\lib\site-packages\pymysql\connections.py", line 745, in _execute_command
    raise err.InterfaceError("(0, '')")
pymysql.err.InterfaceError: (0, '')
&d6a021dd76928a2d-Traceback (most recent call last):
  File "C:\Users\YQ\Desktop\小满海关数据爬取\step2.py", line 104, in get_data
    self.write2sql(sql)
  File "C:\Users\YQ\Desktop\小满海关数据爬取\step2.py", line 234, in write2sql
    cur1.execute(sql)
  File "D:\Anaconda\lib\site-packages\pymysql\cursors.py", line 170, in execute
    result = self._query(query)
  File "D:\Anaconda\lib\site-packages\pymysql\cursors.py", line 328, in _query
    conn.query(q)
  File "D:\Anaconda\lib\site-packages\pymysql\connections.py", line 515, in query
    self._execute_command(COMMAND.COM_QUERY, sql)
  File "D:\Anaconda\lib\site-packages\pymysql\connections.py", line 745, in _execute_command
    raise err.InterfaceError("(0, '')")
pymysql.err.InterfaceError: (0, '')
&6bc0edce9a34eb44-Traceback (most recent call last):
  File "C:\Users\YQ\Desktop\小满海关数据爬取\step2.py", line 104, in get_data
    self.write2sql(sql)
  File "C:\Users\YQ\Desktop\小满海关数据爬取\step2.py", line 234, in write2sql
    cur1.execute(sql)
  File "D:\Anaconda\lib\site-packages\pymysql\cursors.py", line 170, in execute
    result = self._query(query)
  File "D:\Anaconda\lib\site-packages\pymysql\cursors.py", line 328, in _query
    conn.query(q)
  File "D:\Anaconda\lib\site-packages\pymysql\connections.py", line 515, in query
    self._execute_command(COMMAND.COM_QUERY, sql)
  File "D:\Anaconda\lib\site-packages\pymysql\connections.py", line 745, in _execute_command
    raise err.InterfaceError("(0, '')")
pymysql.err.InterfaceError: (0, '')
&krzib1e5c1b2247eea76c4d7e89b57e12c18-Traceback (most recent call last):
  File "C:\Users\YQ\Desktop\小满海关数据爬取\step2.py", line 104, in get_data
    self.write2sql(sql)
  File "C:\Users\YQ\Desktop\小满海关数据爬取\step2.py", line 234, in write2sql
    cur1.execute(sql)
  File "D:\Anaconda\lib\site-packages\pymysql\cursors.py", line 170, in execute
    result = self._query(query)
  File "D:\Anaconda\lib\site-packages\pymysql\cursors.py", line 328, in _query
    conn.query(q)
  File "D:\Anaconda\lib\site-packages\pymysql\connections.py", line 515, in query
    self._execute_command(COMMAND.COM_QUERY, sql)
  File "D:\Anaconda\lib\site-packages\pymysql\connections.py", line 745, in _execute_command
    raise err.InterfaceError("(0, '')")
pymysql.err.InterfaceError: (0, '')
&