2b1d0b313741a929-130-EXPORT-Traceback (most recent call last):
  File "C:\Users\YQ\Desktop\小满海关数据爬取\step3.py", line 116, in get_data
    self.get_data1(i['id'], hashid)
  File "C:\Users\YQ\Desktop\小满海关数据爬取\step3.py", line 129, in get_data1
    user, proxy, cookies = get_cookie()
  File "C:\Users\YQ\Desktop\小满海关数据爬取\Util\tools.py", line 139, in get_cookie
    user, proxy, cookies_ = cookies()
  File "C:\Users\YQ\Desktop\小满海关数据爬取\Util\tools.py", line 99, in cookies
    update_cookies()
  File "C:\Users\YQ\Desktop\小满海关数据爬取\Util\tools.py", line 74, in update_cookies
    users[params[0]]['proxy'], users[params[0]]['cookies'] = login(params[0], params[1])
  File "C:\Users\YQ\Desktop\小满海关数据爬取\login1.py", line 81, in login
    return sp.get_login(user, pwd)   #返回cookies
  File "C:\Users\YQ\Desktop\小满海关数据爬取\login1.py", line 69, in get_login
    return self.get_login(user, pwd)
  File "C:\Users\YQ\Desktop\小满海关数据爬取\login1.py", line 24, in get_login
    self.web.get('https://login.xiaoman.cn/login?system_id=discovery&return_url=https%3A%2F%2Fx.xiaoman.cn%2F')
  File "D:\Anaconda\lib\site-packages\selenium\webdriver\remote\webdriver.py", line 332, in get
    self.execute(Command.GET, {'url': url})
  File "D:\Anaconda\lib\site-packages\selenium\webdriver\remote\webdriver.py", line 320, in execute
    self.error_handler.check_response(response)
  File "D:\Anaconda\lib\site-packages\selenium\webdriver\remote\errorhandler.py", line 242, in check_response
    raise exception_class(message, screen, stacktrace)
selenium.common.exceptions.WebDriverException: Message: no such session
  (Driver info: chromedriver=2.40.565498 (ea082db3280dd6843ebfb08a625e3eb905c4f5ab),platform=Windows NT 10.0.17134 x86_64)

&2b1d0b313741a929-195-EXPORT-Traceback (most recent call last):
  File "C:\Users\YQ\Desktop\小满海关数据爬取\step3.py", line 116, in get_data
    self.get_data1(i['id'], hashid)
  File "C:\Users\YQ\Desktop\小满海关数据爬取\step3.py", line 129, in get_data1
    user, proxy, cookies = get_cookie()
  File "C:\Users\YQ\Desktop\小满海关数据爬取\Util\tools.py", line 139, in get_cookie
    user, proxy, cookies_ = cookies()
  File "C:\Users\YQ\Desktop\小满海关数据爬取\Util\tools.py", line 99, in cookies
    update_cookies()
  File "C:\Users\YQ\Desktop\小满海关数据爬取\Util\tools.py", line 74, in update_cookies
    users[params[0]]['proxy'], users[params[0]]['cookies'] = login(params[0], params[1])
  File "C:\Users\YQ\Desktop\小满海关数据爬取\login1.py", line 81, in login
    return sp.get_login(user, pwd)   #返回cookies
  File "C:\Users\YQ\Desktop\小满海关数据爬取\login1.py", line 69, in get_login
    return self.get_login(user, pwd)
  File "C:\Users\YQ\Desktop\小满海关数据爬取\login1.py", line 24, in get_login
    self.web.get('https://login.xiaoman.cn/login?system_id=discovery&return_url=https%3A%2F%2Fx.xiaoman.cn%2F')
  File "D:\Anaconda\lib\site-packages\selenium\webdriver\remote\webdriver.py", line 332, in get
    self.execute(Command.GET, {'url': url})
  File "D:\Anaconda\lib\site-packages\selenium\webdriver\remote\webdriver.py", line 320, in execute
    self.error_handler.check_response(response)
  File "D:\Anaconda\lib\site-packages\selenium\webdriver\remote\errorhandler.py", line 242, in check_response
    raise exception_class(message, screen, stacktrace)
selenium.common.exceptions.WebDriverException: Message: no such session
  (Driver info: chromedriver=2.40.565498 (ea082db3280dd6843ebfb08a625e3eb905c4f5ab),platform=Windows NT 10.0.17134 x86_64)

&America2017V2116602-Traceback (most recent call last):
  File "D:\Anaconda\lib\site-packages\pymysql\connections.py", line 690, in _read_bytes
    data = self._rfile.read(num_bytes)
  File "D:\Anaconda\lib\socket.py", line 586, in readinto
    return self._sock.recv_into(b)
ConnectionAbortedError: [WinError 10053] 你的主机中的软件中止了一个已建立的连接。

During handling of the above exception, another exception occurred:

Traceback (most recent call last):
  File "C:\Users\YQ\Desktop\小满海关数据爬取\step3.py", line 203, in get_data1
    self.write2sql(sql)
  File "C:\Users\YQ\Desktop\小满海关数据爬取\step3.py", line 215, in write2sql
    cur1.execute(sql)
  File "D:\Anaconda\lib\site-packages\pymysql\cursors.py", line 170, in execute
    result = self._query(query)
  File "D:\Anaconda\lib\site-packages\pymysql\cursors.py", line 328, in _query
    conn.query(q)
  File "D:\Anaconda\lib\site-packages\pymysql\connections.py", line 516, in query
    self._affected_rows = self._read_query_result(unbuffered=unbuffered)
  File "D:\Anaconda\lib\site-packages\pymysql\connections.py", line 727, in _read_query_result
    result.read()
  File "D:\Anaconda\lib\site-packages\pymysql\connections.py", line 1066, in read
    first_packet = self.connection._read_packet()
  File "D:\Anaconda\lib\site-packages\pymysql\connections.py", line 656, in _read_packet
    packet_header = self._read_bytes(4)
  File "D:\Anaconda\lib\site-packages\pymysql\connections.py", line 698, in _read_bytes
    "Lost connection to MySQL server during query (%s)" % (e,))
pymysql.err.OperationalError: (2013, 'Lost connection to MySQL server during query ([WinError 10053] 你的主机中的软件中止了一个已建立的连接。)')
&48da81618c4079ec-5-IMPORT-Traceback (most recent call last):
  File "C:\Users\YQ\Desktop\小满海关数据爬取\step3.py", line 113, in get_data
    self.write2sql(sql)
  File "C:\Users\YQ\Desktop\小满海关数据爬取\step3.py", line 215, in write2sql
    cur1.execute(sql)
  File "D:\Anaconda\lib\site-packages\pymysql\cursors.py", line 170, in execute
    result = self._query(query)
  File "D:\Anaconda\lib\site-packages\pymysql\cursors.py", line 328, in _query
    conn.query(q)
  File "D:\Anaconda\lib\site-packages\pymysql\connections.py", line 515, in query
    self._execute_command(COMMAND.COM_QUERY, sql)
  File "D:\Anaconda\lib\site-packages\pymysql\connections.py", line 745, in _execute_command
    raise err.InterfaceError("(0, '')")
pymysql.err.InterfaceError: (0, '')
&48da81618c4079ec-6-IMPORT-Traceback (most recent call last):
  File "D:\Anaconda\lib\site-packages\urllib3\connectionpool.py", line 601, in urlopen
    chunked=chunked)
  File "D:\Anaconda\lib\site-packages\urllib3\connectionpool.py", line 387, in _make_request
    six.raise_from(e, None)
  File "<string>", line 2, in raise_from
  File "D:\Anaconda\lib\site-packages\urllib3\connectionpool.py", line 383, in _make_request
    httplib_response = conn.getresponse()
  File "D:\Anaconda\lib\http\client.py", line 1331, in getresponse
    response.begin()
  File "D:\Anaconda\lib\http\client.py", line 297, in begin
    version, status, reason = self._read_status()
  File "D:\Anaconda\lib\http\client.py", line 258, in _read_status
    line = str(self.fp.readline(_MAXLINE + 1), "iso-8859-1")
  File "D:\Anaconda\lib\socket.py", line 586, in readinto
    return self._sock.recv_into(b)
  File "D:\Anaconda\lib\site-packages\urllib3\contrib\pyopenssl.py", line 285, in recv_into
    raise SocketError(str(e))
OSError: (10053, 'WSAECONNABORTED')

During handling of the above exception, another exception occurred:

Traceback (most recent call last):
  File "D:\Anaconda\lib\site-packages\requests\adapters.py", line 440, in send
    timeout=timeout
  File "D:\Anaconda\lib\site-packages\urllib3\connectionpool.py", line 639, in urlopen
    _stacktrace=sys.exc_info()[2])
  File "D:\Anaconda\lib\site-packages\urllib3\util\retry.py", line 357, in increment
    raise six.reraise(type(error), error, _stacktrace)
  File "D:\Anaconda\lib\site-packages\urllib3\packages\six.py", line 685, in reraise
    raise value.with_traceback(tb)
  File "D:\Anaconda\lib\site-packages\urllib3\connectionpool.py", line 601, in urlopen
    chunked=chunked)
  File "D:\Anaconda\lib\site-packages\urllib3\connectionpool.py", line 387, in _make_request
    six.raise_from(e, None)
  File "<string>", line 2, in raise_from
  File "D:\Anaconda\lib\site-packages\urllib3\connectionpool.py", line 383, in _make_request
    httplib_response = conn.getresponse()
  File "D:\Anaconda\lib\http\client.py", line 1331, in getresponse
    response.begin()
  File "D:\Anaconda\lib\http\client.py", line 297, in begin
    version, status, reason = self._read_status()
  File "D:\Anaconda\lib\http\client.py", line 258, in _read_status
    line = str(self.fp.readline(_MAXLINE + 1), "iso-8859-1")
  File "D:\Anaconda\lib\socket.py", line 586, in readinto
    return self._sock.recv_into(b)
  File "D:\Anaconda\lib\site-packages\urllib3\contrib\pyopenssl.py", line 285, in recv_into
    raise SocketError(str(e))
urllib3.exceptions.ProtocolError: ('Connection aborted.', OSError("(10053, 'WSAECONNABORTED')",))

During handling of the above exception, another exception occurred:

Traceback (most recent call last):
  File "C:\Users\YQ\Desktop\小满海关数据爬取\step3.py", line 83, in get_data
    response = self.session.get(url=self.url1, params=params1, proxies={'http': proxy}).json()
  File "D:\Anaconda\lib\site-packages\requests\sessions.py", line 521, in get
    return self.request('GET', url, **kwargs)
  File "D:\Anaconda\lib\site-packages\requests\sessions.py", line 508, in request
    resp = self.send(prep, **send_kwargs)
  File "D:\Anaconda\lib\site-packages\requests\sessions.py", line 618, in send
    r = adapter.send(request, **kwargs)
  File "D:\Anaconda\lib\site-packages\requests\adapters.py", line 490, in send
    raise ConnectionError(err, request=request)
requests.exceptions.ConnectionError: ('Connection aborted.', OSError("(10053, 'WSAECONNABORTED')",))
&48da81618c4079ec-7-IMPORT-Traceback (most recent call last):
  File "C:\Users\YQ\Desktop\小满海关数据爬取\step3.py", line 113, in get_data
    self.write2sql(sql)
  File "C:\Users\YQ\Desktop\小满海关数据爬取\step3.py", line 215, in write2sql
    cur1.execute(sql)
  File "D:\Anaconda\lib\site-packages\pymysql\cursors.py", line 170, in execute
    result = self._query(query)
  File "D:\Anaconda\lib\site-packages\pymysql\cursors.py", line 328, in _query
    conn.query(q)
  File "D:\Anaconda\lib\site-packages\pymysql\connections.py", line 515, in query
    self._execute_command(COMMAND.COM_QUERY, sql)
  File "D:\Anaconda\lib\site-packages\pymysql\connections.py", line 745, in _execute_command
    raise err.InterfaceError("(0, '')")
pymysql.err.InterfaceError: (0, '')
&48da81618c4079ec-8-IMPORT-Traceback (most recent call last):
  File "C:\Users\YQ\Desktop\小满海关数据爬取\step3.py", line 113, in get_data
    self.write2sql(sql)
  File "C:\Users\YQ\Desktop\小满海关数据爬取\step3.py", line 215, in write2sql
    cur1.execute(sql)
  File "D:\Anaconda\lib\site-packages\pymysql\cursors.py", line 170, in execute
    result = self._query(query)
  File "D:\Anaconda\lib\site-packages\pymysql\cursors.py", line 328, in _query
    conn.query(q)
  File "D:\Anaconda\lib\site-packages\pymysql\connections.py", line 515, in query
    self._execute_command(COMMAND.COM_QUERY, sql)
  File "D:\Anaconda\lib\site-packages\pymysql\connections.py", line 745, in _execute_command
    raise err.InterfaceError("(0, '')")
pymysql.err.InterfaceError: (0, '')
&48da81618c4079ec-9-IMPORT-Traceback (most recent call last):
  File "C:\Users\YQ\Desktop\小满海关数据爬取\step3.py", line 113, in get_data
    self.write2sql(sql)
  File "C:\Users\YQ\Desktop\小满海关数据爬取\step3.py", line 215, in write2sql
    cur1.execute(sql)
  File "D:\Anaconda\lib\site-packages\pymysql\cursors.py", line 170, in execute
    result = self._query(query)
  File "D:\Anaconda\lib\site-packages\pymysql\cursors.py", line 328, in _query
    conn.query(q)
  File "D:\Anaconda\lib\site-packages\pymysql\connections.py", line 515, in query
    self._execute_command(COMMAND.COM_QUERY, sql)
  File "D:\Anaconda\lib\site-packages\pymysql\connections.py", line 745, in _execute_command
    raise err.InterfaceError("(0, '')")
pymysql.err.InterfaceError: (0, '')
&48da81618c4079ec-10-IMPORT-Traceback (most recent call last):
  File "C:\Users\YQ\Desktop\小满海关数据爬取\step3.py", line 113, in get_data
    self.write2sql(sql)
  File "C:\Users\YQ\Desktop\小满海关数据爬取\step3.py", line 215, in write2sql
    cur1.execute(sql)
  File "D:\Anaconda\lib\site-packages\pymysql\cursors.py", line 170, in execute
    result = self._query(query)
  File "D:\Anaconda\lib\site-packages\pymysql\cursors.py", line 328, in _query
    conn.query(q)
  File "D:\Anaconda\lib\site-packages\pymysql\connections.py", line 515, in query
    self._execute_command(COMMAND.COM_QUERY, sql)
  File "D:\Anaconda\lib\site-packages\pymysql\connections.py", line 745, in _execute_command
    raise err.InterfaceError("(0, '')")
pymysql.err.InterfaceError: (0, '')
&48da81618c4079ec-11-IMPORT-Traceback (most recent call last):
  File "C:\Users\YQ\Desktop\小满海关数据爬取\step3.py", line 113, in get_data
    self.write2sql(sql)
  File "C:\Users\YQ\Desktop\小满海关数据爬取\step3.py", line 215, in write2sql
    cur1.execute(sql)
  File "D:\Anaconda\lib\site-packages\pymysql\cursors.py", line 170, in execute
    result = self._query(query)
  File "D:\Anaconda\lib\site-packages\pymysql\cursors.py", line 328, in _query
    conn.query(q)
  File "D:\Anaconda\lib\site-packages\pymysql\connections.py", line 515, in query
    self._execute_command(COMMAND.COM_QUERY, sql)
  File "D:\Anaconda\lib\site-packages\pymysql\connections.py", line 745, in _execute_command
    raise err.InterfaceError("(0, '')")
pymysql.err.InterfaceError: (0, '')
&48da81618c4079ec-12-IMPORT-Traceback (most recent call last):
  File "C:\Users\YQ\Desktop\小满海关数据爬取\step3.py", line 113, in get_data
    self.write2sql(sql)
  File "C:\Users\YQ\Desktop\小满海关数据爬取\step3.py", line 215, in write2sql
    cur1.execute(sql)
  File "D:\Anaconda\lib\site-packages\pymysql\cursors.py", line 170, in execute
    result = self._query(query)
  File "D:\Anaconda\lib\site-packages\pymysql\cursors.py", line 328, in _query
    conn.query(q)
  File "D:\Anaconda\lib\site-packages\pymysql\connections.py", line 515, in query
    self._execute_command(COMMAND.COM_QUERY, sql)
  File "D:\Anaconda\lib\site-packages\pymysql\connections.py", line 745, in _execute_command
    raise err.InterfaceError("(0, '')")
pymysql.err.InterfaceError: (0, '')
&48da81618c4079ec-13-IMPORT-Traceback (most recent call last):
  File "C:\Users\YQ\Desktop\小满海关数据爬取\step3.py", line 113, in get_data
    self.write2sql(sql)
  File "C:\Users\YQ\Desktop\小满海关数据爬取\step3.py", line 215, in write2sql
    cur1.execute(sql)
  File "D:\Anaconda\lib\site-packages\pymysql\cursors.py", line 170, in execute
    result = self._query(query)
  File "D:\Anaconda\lib\site-packages\pymysql\cursors.py", line 328, in _query
    conn.query(q)
  File "D:\Anaconda\lib\site-packages\pymysql\connections.py", line 515, in query
    self._execute_command(COMMAND.COM_QUERY, sql)
  File "D:\Anaconda\lib\site-packages\pymysql\connections.py", line 745, in _execute_command
    raise err.InterfaceError("(0, '')")
pymysql.err.InterfaceError: (0, '')
&48da81618c4079ec-14-IMPORT-Traceback (most recent call last):
  File "C:\Users\YQ\Desktop\小满海关数据爬取\step3.py", line 113, in get_data
    self.write2sql(sql)
  File "C:\Users\YQ\Desktop\小满海关数据爬取\step3.py", line 215, in write2sql
    cur1.execute(sql)
  File "D:\Anaconda\lib\site-packages\pymysql\cursors.py", line 170, in execute
    result = self._query(query)
  File "D:\Anaconda\lib\site-packages\pymysql\cursors.py", line 328, in _query
    conn.query(q)
  File "D:\Anaconda\lib\site-packages\pymysql\connections.py", line 515, in query
    self._execute_command(COMMAND.COM_QUERY, sql)
  File "D:\Anaconda\lib\site-packages\pymysql\connections.py", line 745, in _execute_command
    raise err.InterfaceError("(0, '')")
pymysql.err.InterfaceError: (0, '')
&48da81618c4079ec-15-IMPORT-Traceback (most recent call last):
  File "C:\Users\YQ\Desktop\小满海关数据爬取\step3.py", line 113, in get_data
    self.write2sql(sql)
  File "C:\Users\YQ\Desktop\小满海关数据爬取\step3.py", line 215, in write2sql
    cur1.execute(sql)
  File "D:\Anaconda\lib\site-packages\pymysql\cursors.py", line 170, in execute
    result = self._query(query)
  File "D:\Anaconda\lib\site-packages\pymysql\cursors.py", line 328, in _query
    conn.query(q)
  File "D:\Anaconda\lib\site-packages\pymysql\connections.py", line 515, in query
    self._execute_command(COMMAND.COM_QUERY, sql)
  File "D:\Anaconda\lib\site-packages\pymysql\connections.py", line 745, in _execute_command
    raise err.InterfaceError("(0, '')")
pymysql.err.InterfaceError: (0, '')
&48da81618c4079ec-16-IMPORT-Traceback (most recent call last):
  File "C:\Users\YQ\Desktop\小满海关数据爬取\step3.py", line 113, in get_data
    self.write2sql(sql)
  File "C:\Users\YQ\Desktop\小满海关数据爬取\step3.py", line 215, in write2sql
    cur1.execute(sql)
  File "D:\Anaconda\lib\site-packages\pymysql\cursors.py", line 170, in execute
    result = self._query(query)
  File "D:\Anaconda\lib\site-packages\pymysql\cursors.py", line 328, in _query
    conn.query(q)
  File "D:\Anaconda\lib\site-packages\pymysql\connections.py", line 515, in query
    self._execute_command(COMMAND.COM_QUERY, sql)
  File "D:\Anaconda\lib\site-packages\pymysql\connections.py", line 745, in _execute_command
    raise err.InterfaceError("(0, '')")
pymysql.err.InterfaceError: (0, '')
&48da81618c4079ec-17-IMPORT-Traceback (most recent call last):
  File "C:\Users\YQ\Desktop\小满海关数据爬取\step3.py", line 113, in get_data
    self.write2sql(sql)
  File "C:\Users\YQ\Desktop\小满海关数据爬取\step3.py", line 215, in write2sql
    cur1.execute(sql)
  File "D:\Anaconda\lib\site-packages\pymysql\cursors.py", line 170, in execute
    result = self._query(query)
  File "D:\Anaconda\lib\site-packages\pymysql\cursors.py", line 328, in _query
    conn.query(q)
  File "D:\Anaconda\lib\site-packages\pymysql\connections.py", line 515, in query
    self._execute_command(COMMAND.COM_QUERY, sql)
  File "D:\Anaconda\lib\site-packages\pymysql\connections.py", line 745, in _execute_command
    raise err.InterfaceError("(0, '')")
pymysql.err.InterfaceError: (0, '')
&48da81618c4079ec-18-IMPORT-Traceback (most recent call last):
  File "C:\Users\YQ\Desktop\小满海关数据爬取\step3.py", line 113, in get_data
    self.write2sql(sql)
  File "C:\Users\YQ\Desktop\小满海关数据爬取\step3.py", line 215, in write2sql
    cur1.execute(sql)
  File "D:\Anaconda\lib\site-packages\pymysql\cursors.py", line 170, in execute
    result = self._query(query)
  File "D:\Anaconda\lib\site-packages\pymysql\cursors.py", line 328, in _query
    conn.query(q)
  File "D:\Anaconda\lib\site-packages\pymysql\connections.py", line 515, in query
    self._execute_command(COMMAND.COM_QUERY, sql)
  File "D:\Anaconda\lib\site-packages\pymysql\connections.py", line 745, in _execute_command
    raise err.InterfaceError("(0, '')")
pymysql.err.InterfaceError: (0, '')
&48da81618c4079ec-19-IMPORT-Traceback (most recent call last):
  File "C:\Users\YQ\Desktop\小满海关数据爬取\step3.py", line 113, in get_data
    self.write2sql(sql)
  File "C:\Users\YQ\Desktop\小满海关数据爬取\step3.py", line 215, in write2sql
    cur1.execute(sql)
  File "D:\Anaconda\lib\site-packages\pymysql\cursors.py", line 170, in execute
    result = self._query(query)
  File "D:\Anaconda\lib\site-packages\pymysql\cursors.py", line 328, in _query
    conn.query(q)
  File "D:\Anaconda\lib\site-packages\pymysql\connections.py", line 515, in query
    self._execute_command(COMMAND.COM_QUERY, sql)
  File "D:\Anaconda\lib\site-packages\pymysql\connections.py", line 745, in _execute_command
    raise err.InterfaceError("(0, '')")
pymysql.err.InterfaceError: (0, '')
&48da81618c4079ec-20-IMPORT-Traceback (most recent call last):
  File "C:\Users\YQ\Desktop\小满海关数据爬取\step3.py", line 113, in get_data
    self.write2sql(sql)
  File "C:\Users\YQ\Desktop\小满海关数据爬取\step3.py", line 215, in write2sql
    cur1.execute(sql)
  File "D:\Anaconda\lib\site-packages\pymysql\cursors.py", line 170, in execute
    result = self._query(query)
  File "D:\Anaconda\lib\site-packages\pymysql\cursors.py", line 328, in _query
    conn.query(q)
  File "D:\Anaconda\lib\site-packages\pymysql\connections.py", line 515, in query
    self._execute_command(COMMAND.COM_QUERY, sql)
  File "D:\Anaconda\lib\site-packages\pymysql\connections.py", line 745, in _execute_command
    raise err.InterfaceError("(0, '')")
pymysql.err.InterfaceError: (0, '')
&48da81618c4079ec-21-IMPORT-Traceback (most recent call last):
  File "C:\Users\YQ\Desktop\小满海关数据爬取\step3.py", line 113, in get_data
    self.write2sql(sql)
  File "C:\Users\YQ\Desktop\小满海关数据爬取\step3.py", line 215, in write2sql
    cur1.execute(sql)
  File "D:\Anaconda\lib\site-packages\pymysql\cursors.py", line 170, in execute
    result = self._query(query)
  File "D:\Anaconda\lib\site-packages\pymysql\cursors.py", line 328, in _query
    conn.query(q)
  File "D:\Anaconda\lib\site-packages\pymysql\connections.py", line 515, in query
    self._execute_command(COMMAND.COM_QUERY, sql)
  File "D:\Anaconda\lib\site-packages\pymysql\connections.py", line 745, in _execute_command
    raise err.InterfaceError("(0, '')")
pymysql.err.InterfaceError: (0, '')
&48da81618c4079ec-22-IMPORT-Traceback (most recent call last):
  File "C:\Users\YQ\Desktop\小满海关数据爬取\step3.py", line 113, in get_data
    self.write2sql(sql)
  File "C:\Users\YQ\Desktop\小满海关数据爬取\step3.py", line 215, in write2sql
    cur1.execute(sql)
  File "D:\Anaconda\lib\site-packages\pymysql\cursors.py", line 170, in execute
    result = self._query(query)
  File "D:\Anaconda\lib\site-packages\pymysql\cursors.py", line 328, in _query
    conn.query(q)
  File "D:\Anaconda\lib\site-packages\pymysql\connections.py", line 515, in query
    self._execute_command(COMMAND.COM_QUERY, sql)
  File "D:\Anaconda\lib\site-packages\pymysql\connections.py", line 745, in _execute_command
    raise err.InterfaceError("(0, '')")
pymysql.err.InterfaceError: (0, '')
&48da81618c4079ec-23-IMPORT-Traceback (most recent call last):
  File "C:\Users\YQ\Desktop\小满海关数据爬取\step3.py", line 113, in get_data
    self.write2sql(sql)
  File "C:\Users\YQ\Desktop\小满海关数据爬取\step3.py", line 215, in write2sql
    cur1.execute(sql)
  File "D:\Anaconda\lib\site-packages\pymysql\cursors.py", line 170, in execute
    result = self._query(query)
  File "D:\Anaconda\lib\site-packages\pymysql\cursors.py", line 328, in _query
    conn.query(q)
  File "D:\Anaconda\lib\site-packages\pymysql\connections.py", line 515, in query
    self._execute_command(COMMAND.COM_QUERY, sql)
  File "D:\Anaconda\lib\site-packages\pymysql\connections.py", line 745, in _execute_command
    raise err.InterfaceError("(0, '')")
pymysql.err.InterfaceError: (0, '')
&48da81618c4079ec-24-IMPORT-Traceback (most recent call last):
  File "C:\Users\YQ\Desktop\小满海关数据爬取\step3.py", line 113, in get_data
    self.write2sql(sql)
  File "C:\Users\YQ\Desktop\小满海关数据爬取\step3.py", line 215, in write2sql
    cur1.execute(sql)
  File "D:\Anaconda\lib\site-packages\pymysql\cursors.py", line 170, in execute
    result = self._query(query)
  File "D:\Anaconda\lib\site-packages\pymysql\cursors.py", line 328, in _query
    conn.query(q)
  File "D:\Anaconda\lib\site-packages\pymysql\connections.py", line 515, in query
    self._execute_command(COMMAND.COM_QUERY, sql)
  File "D:\Anaconda\lib\site-packages\pymysql\connections.py", line 745, in _execute_command
    raise err.InterfaceError("(0, '')")
pymysql.err.InterfaceError: (0, '')
&b3de959b23ab1bc3-1-EXPORT-Traceback (most recent call last):
  File "C:\Users\YQ\Desktop\小满海关数据爬取\step3.py", line 113, in get_data
    self.write2sql(sql)
  File "C:\Users\YQ\Desktop\小满海关数据爬取\step3.py", line 215, in write2sql
    cur1.execute(sql)
  File "D:\Anaconda\lib\site-packages\pymysql\cursors.py", line 170, in execute
    result = self._query(query)
  File "D:\Anaconda\lib\site-packages\pymysql\cursors.py", line 328, in _query
    conn.query(q)
  File "D:\Anaconda\lib\site-packages\pymysql\connections.py", line 515, in query
    self._execute_command(COMMAND.COM_QUERY, sql)
  File "D:\Anaconda\lib\site-packages\pymysql\connections.py", line 745, in _execute_command
    raise err.InterfaceError("(0, '')")
pymysql.err.InterfaceError: (0, '')
&b3de959b23ab1bc3-2-EXPORT-Traceback (most recent call last):
  File "C:\Users\YQ\Desktop\小满海关数据爬取\step3.py", line 113, in get_data
    self.write2sql(sql)
  File "C:\Users\YQ\Desktop\小满海关数据爬取\step3.py", line 215, in write2sql
    cur1.execute(sql)
  File "D:\Anaconda\lib\site-packages\pymysql\cursors.py", line 170, in execute
    result = self._query(query)
  File "D:\Anaconda\lib\site-packages\pymysql\cursors.py", line 328, in _query
    conn.query(q)
  File "D:\Anaconda\lib\site-packages\pymysql\connections.py", line 515, in query
    self._execute_command(COMMAND.COM_QUERY, sql)
  File "D:\Anaconda\lib\site-packages\pymysql\connections.py", line 745, in _execute_command
    raise err.InterfaceError("(0, '')")
pymysql.err.InterfaceError: (0, '')
&b3de959b23ab1bc3-3-EXPORT-Traceback (most recent call last):
  File "C:\Users\YQ\Desktop\小满海关数据爬取\step3.py", line 113, in get_data
    self.write2sql(sql)
  File "C:\Users\YQ\Desktop\小满海关数据爬取\step3.py", line 215, in write2sql
    cur1.execute(sql)
  File "D:\Anaconda\lib\site-packages\pymysql\cursors.py", line 170, in execute
    result = self._query(query)
  File "D:\Anaconda\lib\site-packages\pymysql\cursors.py", line 328, in _query
    conn.query(q)
  File "D:\Anaconda\lib\site-packages\pymysql\connections.py", line 515, in query
    self._execute_command(COMMAND.COM_QUERY, sql)
  File "D:\Anaconda\lib\site-packages\pymysql\connections.py", line 745, in _execute_command
    raise err.InterfaceError("(0, '')")
pymysql.err.InterfaceError: (0, '')
&b3de959b23ab1bc3-4-EXPORT-Traceback (most recent call last):
  File "C:\Users\YQ\Desktop\小满海关数据爬取\step3.py", line 113, in get_data
    self.write2sql(sql)
  File "C:\Users\YQ\Desktop\小满海关数据爬取\step3.py", line 215, in write2sql
    cur1.execute(sql)
  File "D:\Anaconda\lib\site-packages\pymysql\cursors.py", line 170, in execute
    result = self._query(query)
  File "D:\Anaconda\lib\site-packages\pymysql\cursors.py", line 328, in _query
    conn.query(q)
  File "D:\Anaconda\lib\site-packages\pymysql\connections.py", line 515, in query
    self._execute_command(COMMAND.COM_QUERY, sql)
  File "D:\Anaconda\lib\site-packages\pymysql\connections.py", line 745, in _execute_command
    raise err.InterfaceError("(0, '')")
pymysql.err.InterfaceError: (0, '')
&b3de959b23ab1bc3-5-EXPORT-Traceback (most recent call last):
  File "C:\Users\YQ\Desktop\小满海关数据爬取\step3.py", line 113, in get_data
    self.write2sql(sql)
  File "C:\Users\YQ\Desktop\小满海关数据爬取\step3.py", line 215, in write2sql
    cur1.execute(sql)
  File "D:\Anaconda\lib\site-packages\pymysql\cursors.py", line 170, in execute
    result = self._query(query)
  File "D:\Anaconda\lib\site-packages\pymysql\cursors.py", line 328, in _query
    conn.query(q)
  File "D:\Anaconda\lib\site-packages\pymysql\connections.py", line 515, in query
    self._execute_command(COMMAND.COM_QUERY, sql)
  File "D:\Anaconda\lib\site-packages\pymysql\connections.py", line 745, in _execute_command
    raise err.InterfaceError("(0, '')")
pymysql.err.InterfaceError: (0, '')
&b3de959b23ab1bc3-6-EXPORT-Traceback (most recent call last):
  File "C:\Users\YQ\Desktop\小满海关数据爬取\step3.py", line 113, in get_data
    self.write2sql(sql)
  File "C:\Users\YQ\Desktop\小满海关数据爬取\step3.py", line 215, in write2sql
    cur1.execute(sql)
  File "D:\Anaconda\lib\site-packages\pymysql\cursors.py", line 170, in execute
    result = self._query(query)
  File "D:\Anaconda\lib\site-packages\pymysql\cursors.py", line 328, in _query
    conn.query(q)
  File "D:\Anaconda\lib\site-packages\pymysql\connections.py", line 515, in query
    self._execute_command(COMMAND.COM_QUERY, sql)
  File "D:\Anaconda\lib\site-packages\pymysql\connections.py", line 745, in _execute_command
    raise err.InterfaceError("(0, '')")
pymysql.err.InterfaceError: (0, '')
&b3de959b23ab1bc3-7-EXPORT-Traceback (most recent call last):
  File "C:\Users\YQ\Desktop\小满海关数据爬取\step3.py", line 113, in get_data
    self.write2sql(sql)
  File "C:\Users\YQ\Desktop\小满海关数据爬取\step3.py", line 215, in write2sql
    cur1.execute(sql)
  File "D:\Anaconda\lib\site-packages\pymysql\cursors.py", line 170, in execute
    result = self._query(query)
  File "D:\Anaconda\lib\site-packages\pymysql\cursors.py", line 328, in _query
    conn.query(q)
  File "D:\Anaconda\lib\site-packages\pymysql\connections.py", line 515, in query
    self._execute_command(COMMAND.COM_QUERY, sql)
  File "D:\Anaconda\lib\site-packages\pymysql\connections.py", line 745, in _execute_command
    raise err.InterfaceError("(0, '')")
pymysql.err.InterfaceError: (0, '')
&b3de959b23ab1bc3-8-EXPORT-Traceback (most recent call last):
  File "C:\Users\YQ\Desktop\小满海关数据爬取\step3.py", line 113, in get_data
    self.write2sql(sql)
  File "C:\Users\YQ\Desktop\小满海关数据爬取\step3.py", line 215, in write2sql
    cur1.execute(sql)
  File "D:\Anaconda\lib\site-packages\pymysql\cursors.py", line 170, in execute
    result = self._query(query)
  File "D:\Anaconda\lib\site-packages\pymysql\cursors.py", line 328, in _query
    conn.query(q)
  File "D:\Anaconda\lib\site-packages\pymysql\connections.py", line 515, in query
    self._execute_command(COMMAND.COM_QUERY, sql)
  File "D:\Anaconda\lib\site-packages\pymysql\connections.py", line 745, in _execute_command
    raise err.InterfaceError("(0, '')")
pymysql.err.InterfaceError: (0, '')
&b3de959b23ab1bc3-9-EXPORT-Traceback (most recent call last):
  File "C:\Users\YQ\Desktop\小满海关数据爬取\step3.py", line 113, in get_data
    self.write2sql(sql)
  File "C:\Users\YQ\Desktop\小满海关数据爬取\step3.py", line 215, in write2sql
    cur1.execute(sql)
  File "D:\Anaconda\lib\site-packages\pymysql\cursors.py", line 170, in execute
    result = self._query(query)
  File "D:\Anaconda\lib\site-packages\pymysql\cursors.py", line 328, in _query
    conn.query(q)
  File "D:\Anaconda\lib\site-packages\pymysql\connections.py", line 515, in query
    self._execute_command(COMMAND.COM_QUERY, sql)
  File "D:\Anaconda\lib\site-packages\pymysql\connections.py", line 745, in _execute_command
    raise err.InterfaceError("(0, '')")
pymysql.err.InterfaceError: (0, '')
&b3de959b23ab1bc3-10-EXPORT-Traceback (most recent call last):
  File "C:\Users\YQ\Desktop\小满海关数据爬取\step3.py", line 113, in get_data
    self.write2sql(sql)
  File "C:\Users\YQ\Desktop\小满海关数据爬取\step3.py", line 215, in write2sql
    cur1.execute(sql)
  File "D:\Anaconda\lib\site-packages\pymysql\cursors.py", line 170, in execute
    result = self._query(query)
  File "D:\Anaconda\lib\site-packages\pymysql\cursors.py", line 328, in _query
    conn.query(q)
  File "D:\Anaconda\lib\site-packages\pymysql\connections.py", line 515, in query
    self._execute_command(COMMAND.COM_QUERY, sql)
  File "D:\Anaconda\lib\site-packages\pymysql\connections.py", line 745, in _execute_command
    raise err.InterfaceError("(0, '')")
pymysql.err.InterfaceError: (0, '')
&b3de959b23ab1bc3-11-EXPORT-Traceback (most recent call last):
  File "C:\Users\YQ\Desktop\小满海关数据爬取\step3.py", line 113, in get_data
    self.write2sql(sql)
  File "C:\Users\YQ\Desktop\小满海关数据爬取\step3.py", line 215, in write2sql
    cur1.execute(sql)
  File "D:\Anaconda\lib\site-packages\pymysql\cursors.py", line 170, in execute
    result = self._query(query)
  File "D:\Anaconda\lib\site-packages\pymysql\cursors.py", line 328, in _query
    conn.query(q)
  File "D:\Anaconda\lib\site-packages\pymysql\connections.py", line 515, in query
    self._execute_command(COMMAND.COM_QUERY, sql)
  File "D:\Anaconda\lib\site-packages\pymysql\connections.py", line 745, in _execute_command
    raise err.InterfaceError("(0, '')")
pymysql.err.InterfaceError: (0, '')
&b3de959b23ab1bc3-12-EXPORT-Traceback (most recent call last):
  File "C:\Users\YQ\Desktop\小满海关数据爬取\step3.py", line 113, in get_data
    self.write2sql(sql)
  File "C:\Users\YQ\Desktop\小满海关数据爬取\step3.py", line 215, in write2sql
    cur1.execute(sql)
  File "D:\Anaconda\lib\site-packages\pymysql\cursors.py", line 170, in execute
    result = self._query(query)
  File "D:\Anaconda\lib\site-packages\pymysql\cursors.py", line 328, in _query
    conn.query(q)
  File "D:\Anaconda\lib\site-packages\pymysql\connections.py", line 515, in query
    self._execute_command(COMMAND.COM_QUERY, sql)
  File "D:\Anaconda\lib\site-packages\pymysql\connections.py", line 745, in _execute_command
    raise err.InterfaceError("(0, '')")
pymysql.err.InterfaceError: (0, '')
&b3de959b23ab1bc3-13-EXPORT-Traceback (most recent call last):
  File "C:\Users\YQ\Desktop\小满海关数据爬取\step3.py", line 113, in get_data
    self.write2sql(sql)
  File "C:\Users\YQ\Desktop\小满海关数据爬取\step3.py", line 215, in write2sql
    cur1.execute(sql)
  File "D:\Anaconda\lib\site-packages\pymysql\cursors.py", line 170, in execute
    result = self._query(query)
  File "D:\Anaconda\lib\site-packages\pymysql\cursors.py", line 328, in _query
    conn.query(q)
  File "D:\Anaconda\lib\site-packages\pymysql\connections.py", line 515, in query
    self._execute_command(COMMAND.COM_QUERY, sql)
  File "D:\Anaconda\lib\site-packages\pymysql\connections.py", line 745, in _execute_command
    raise err.InterfaceError("(0, '')")
pymysql.err.InterfaceError: (0, '')
&b3de959b23ab1bc3-14-EXPORT-Traceback (most recent call last):
  File "C:\Users\YQ\Desktop\小满海关数据爬取\step3.py", line 113, in get_data
    self.write2sql(sql)
  File "C:\Users\YQ\Desktop\小满海关数据爬取\step3.py", line 215, in write2sql
    cur1.execute(sql)
  File "D:\Anaconda\lib\site-packages\pymysql\cursors.py", line 170, in execute
    result = self._query(query)
  File "D:\Anaconda\lib\site-packages\pymysql\cursors.py", line 328, in _query
    conn.query(q)
  File "D:\Anaconda\lib\site-packages\pymysql\connections.py", line 515, in query
    self._execute_command(COMMAND.COM_QUERY, sql)
  File "D:\Anaconda\lib\site-packages\pymysql\connections.py", line 745, in _execute_command
    raise err.InterfaceError("(0, '')")
pymysql.err.InterfaceError: (0, '')
&b3de959b23ab1bc3-15-EXPORT-Traceback (most recent call last):
  File "C:\Users\YQ\Desktop\小满海关数据爬取\step3.py", line 113, in get_data
    self.write2sql(sql)
  File "C:\Users\YQ\Desktop\小满海关数据爬取\step3.py", line 215, in write2sql
    cur1.execute(sql)
  File "D:\Anaconda\lib\site-packages\pymysql\cursors.py", line 170, in execute
    result = self._query(query)
  File "D:\Anaconda\lib\site-packages\pymysql\cursors.py", line 328, in _query
    conn.query(q)
  File "D:\Anaconda\lib\site-packages\pymysql\connections.py", line 515, in query
    self._execute_command(COMMAND.COM_QUERY, sql)
  File "D:\Anaconda\lib\site-packages\pymysql\connections.py", line 745, in _execute_command
    raise err.InterfaceError("(0, '')")
pymysql.err.InterfaceError: (0, '')
&1f072e523662ab72-1-IMPORT-Traceback (most recent call last):
  File "C:\Users\YQ\Desktop\小满海关数据爬取\step3.py", line 113, in get_data
    self.write2sql(sql)
  File "C:\Users\YQ\Desktop\小满海关数据爬取\step3.py", line 215, in write2sql
    cur1.execute(sql)
  File "D:\Anaconda\lib\site-packages\pymysql\cursors.py", line 170, in execute
    result = self._query(query)
  File "D:\Anaconda\lib\site-packages\pymysql\cursors.py", line 328, in _query
    conn.query(q)
  File "D:\Anaconda\lib\site-packages\pymysql\connections.py", line 515, in query
    self._execute_command(COMMAND.COM_QUERY, sql)
  File "D:\Anaconda\lib\site-packages\pymysql\connections.py", line 745, in _execute_command
    raise err.InterfaceError("(0, '')")
pymysql.err.InterfaceError: (0, '')
&1f072e523662ab72-2-IMPORT-Traceback (most recent call last):
  File "C:\Users\YQ\Desktop\小满海关数据爬取\step3.py", line 113, in get_data
    self.write2sql(sql)
  File "C:\Users\YQ\Desktop\小满海关数据爬取\step3.py", line 215, in write2sql
    cur1.execute(sql)
  File "D:\Anaconda\lib\site-packages\pymysql\cursors.py", line 170, in execute
    result = self._query(query)
  File "D:\Anaconda\lib\site-packages\pymysql\cursors.py", line 328, in _query
    conn.query(q)
  File "D:\Anaconda\lib\site-packages\pymysql\connections.py", line 515, in query
    self._execute_command(COMMAND.COM_QUERY, sql)
  File "D:\Anaconda\lib\site-packages\pymysql\connections.py", line 745, in _execute_command
    raise err.InterfaceError("(0, '')")
pymysql.err.InterfaceError: (0, '')
&1f072e523662ab72-3-IMPORT-Traceback (most recent call last):
  File "C:\Users\YQ\Desktop\小满海关数据爬取\step3.py", line 113, in get_data
    self.write2sql(sql)
  File "C:\Users\YQ\Desktop\小满海关数据爬取\step3.py", line 215, in write2sql
    cur1.execute(sql)
  File "D:\Anaconda\lib\site-packages\pymysql\cursors.py", line 170, in execute
    result = self._query(query)
  File "D:\Anaconda\lib\site-packages\pymysql\cursors.py", line 328, in _query
    conn.query(q)
  File "D:\Anaconda\lib\site-packages\pymysql\connections.py", line 515, in query
    self._execute_command(COMMAND.COM_QUERY, sql)
  File "D:\Anaconda\lib\site-packages\pymysql\connections.py", line 745, in _execute_command
    raise err.InterfaceError("(0, '')")
pymysql.err.InterfaceError: (0, '')
&1f072e523662ab72-4-IMPORT-Traceback (most recent call last):
  File "C:\Users\YQ\Desktop\小满海关数据爬取\step3.py", line 113, in get_data
    self.write2sql(sql)
  File "C:\Users\YQ\Desktop\小满海关数据爬取\step3.py", line 215, in write2sql
    cur1.execute(sql)
  File "D:\Anaconda\lib\site-packages\pymysql\cursors.py", line 170, in execute
    result = self._query(query)
  File "D:\Anaconda\lib\site-packages\pymysql\cursors.py", line 328, in _query
    conn.query(q)
  File "D:\Anaconda\lib\site-packages\pymysql\connections.py", line 515, in query
    self._execute_command(COMMAND.COM_QUERY, sql)
  File "D:\Anaconda\lib\site-packages\pymysql\connections.py", line 745, in _execute_command
    raise err.InterfaceError("(0, '')")
pymysql.err.InterfaceError: (0, '')
&1f072e523662ab72-5-IMPORT-Traceback (most recent call last):
  File "C:\Users\YQ\Desktop\小满海关数据爬取\step3.py", line 113, in get_data
    self.write2sql(sql)
  File "C:\Users\YQ\Desktop\小满海关数据爬取\step3.py", line 215, in write2sql
    cur1.execute(sql)
  File "D:\Anaconda\lib\site-packages\pymysql\cursors.py", line 170, in execute
    result = self._query(query)
  File "D:\Anaconda\lib\site-packages\pymysql\cursors.py", line 328, in _query
    conn.query(q)
  File "D:\Anaconda\lib\site-packages\pymysql\connections.py", line 515, in query
    self._execute_command(COMMAND.COM_QUERY, sql)
  File "D:\Anaconda\lib\site-packages\pymysql\connections.py", line 745, in _execute_command
    raise err.InterfaceError("(0, '')")
pymysql.err.InterfaceError: (0, '')
&1f072e523662ab72-6-IMPORT-Traceback (most recent call last):
  File "C:\Users\YQ\Desktop\小满海关数据爬取\step3.py", line 113, in get_data
    self.write2sql(sql)
  File "C:\Users\YQ\Desktop\小满海关数据爬取\step3.py", line 215, in write2sql
    cur1.execute(sql)
  File "D:\Anaconda\lib\site-packages\pymysql\cursors.py", line 170, in execute
    result = self._query(query)
  File "D:\Anaconda\lib\site-packages\pymysql\cursors.py", line 328, in _query
    conn.query(q)
  File "D:\Anaconda\lib\site-packages\pymysql\connections.py", line 515, in query
    self._execute_command(COMMAND.COM_QUERY, sql)
  File "D:\Anaconda\lib\site-packages\pymysql\connections.py", line 745, in _execute_command
    raise err.InterfaceError("(0, '')")
pymysql.err.InterfaceError: (0, '')
&1f072e523662ab72-7-IMPORT-Traceback (most recent call last):
  File "C:\Users\YQ\Desktop\小满海关数据爬取\step3.py", line 113, in get_data
    self.write2sql(sql)
  File "C:\Users\YQ\Desktop\小满海关数据爬取\step3.py", line 215, in write2sql
    cur1.execute(sql)
  File "D:\Anaconda\lib\site-packages\pymysql\cursors.py", line 170, in execute
    result = self._query(query)
  File "D:\Anaconda\lib\site-packages\pymysql\cursors.py", line 328, in _query
    conn.query(q)
  File "D:\Anaconda\lib\site-packages\pymysql\connections.py", line 515, in query
    self._execute_command(COMMAND.COM_QUERY, sql)
  File "D:\Anaconda\lib\site-packages\pymysql\connections.py", line 745, in _execute_command
    raise err.InterfaceError("(0, '')")
pymysql.err.InterfaceError: (0, '')
&1f072e523662ab72-8-IMPORT-Traceback (most recent call last):
  File "C:\Users\YQ\Desktop\小满海关数据爬取\step3.py", line 113, in get_data
    self.write2sql(sql)
  File "C:\Users\YQ\Desktop\小满海关数据爬取\step3.py", line 215, in write2sql
    cur1.execute(sql)
  File "D:\Anaconda\lib\site-packages\pymysql\cursors.py", line 170, in execute
    result = self._query(query)
  File "D:\Anaconda\lib\site-packages\pymysql\cursors.py", line 328, in _query
    conn.query(q)
  File "D:\Anaconda\lib\site-packages\pymysql\connections.py", line 515, in query
    self._execute_command(COMMAND.COM_QUERY, sql)
  File "D:\Anaconda\lib\site-packages\pymysql\connections.py", line 745, in _execute_command
    raise err.InterfaceError("(0, '')")
pymysql.err.InterfaceError: (0, '')
&1f072e523662ab72-9-IMPORT-Traceback (most recent call last):
  File "C:\Users\YQ\Desktop\小满海关数据爬取\step3.py", line 113, in get_data
    self.write2sql(sql)
  File "C:\Users\YQ\Desktop\小满海关数据爬取\step3.py", line 215, in write2sql
    cur1.execute(sql)
  File "D:\Anaconda\lib\site-packages\pymysql\cursors.py", line 170, in execute
    result = self._query(query)
  File "D:\Anaconda\lib\site-packages\pymysql\cursors.py", line 328, in _query
    conn.query(q)
  File "D:\Anaconda\lib\site-packages\pymysql\connections.py", line 515, in query
    self._execute_command(COMMAND.COM_QUERY, sql)
  File "D:\Anaconda\lib\site-packages\pymysql\connections.py", line 745, in _execute_command
    raise err.InterfaceError("(0, '')")
pymysql.err.InterfaceError: (0, '')
&1f072e523662ab72-10-IMPORT-Traceback (most recent call last):
  File "C:\Users\YQ\Desktop\小满海关数据爬取\step3.py", line 113, in get_data
    self.write2sql(sql)
  File "C:\Users\YQ\Desktop\小满海关数据爬取\step3.py", line 215, in write2sql
    cur1.execute(sql)
  File "D:\Anaconda\lib\site-packages\pymysql\cursors.py", line 170, in execute
    result = self._query(query)
  File "D:\Anaconda\lib\site-packages\pymysql\cursors.py", line 328, in _query
    conn.query(q)
  File "D:\Anaconda\lib\site-packages\pymysql\connections.py", line 515, in query
    self._execute_command(COMMAND.COM_QUERY, sql)
  File "D:\Anaconda\lib\site-packages\pymysql\connections.py", line 745, in _execute_command
    raise err.InterfaceError("(0, '')")
pymysql.err.InterfaceError: (0, '')
&1f072e523662ab72-11-IMPORT-Traceback (most recent call last):
  File "C:\Users\YQ\Desktop\小满海关数据爬取\step3.py", line 113, in get_data
    self.write2sql(sql)
  File "C:\Users\YQ\Desktop\小满海关数据爬取\step3.py", line 215, in write2sql
    cur1.execute(sql)
  File "D:\Anaconda\lib\site-packages\pymysql\cursors.py", line 170, in execute
    result = self._query(query)
  File "D:\Anaconda\lib\site-packages\pymysql\cursors.py", line 328, in _query
    conn.query(q)
  File "D:\Anaconda\lib\site-packages\pymysql\connections.py", line 515, in query
    self._execute_command(COMMAND.COM_QUERY, sql)
  File "D:\Anaconda\lib\site-packages\pymysql\connections.py", line 745, in _execute_command
    raise err.InterfaceError("(0, '')")
pymysql.err.InterfaceError: (0, '')
&1f072e523662ab72-12-IMPORT-Traceback (most recent call last):
  File "C:\Users\YQ\Desktop\小满海关数据爬取\step3.py", line 113, in get_data
    self.write2sql(sql)
  File "C:\Users\YQ\Desktop\小满海关数据爬取\step3.py", line 215, in write2sql
    cur1.execute(sql)
  File "D:\Anaconda\lib\site-packages\pymysql\cursors.py", line 170, in execute
    result = self._query(query)
  File "D:\Anaconda\lib\site-packages\pymysql\cursors.py", line 328, in _query
    conn.query(q)
  File "D:\Anaconda\lib\site-packages\pymysql\connections.py", line 515, in query
    self._execute_command(COMMAND.COM_QUERY, sql)
  File "D:\Anaconda\lib\site-packages\pymysql\connections.py", line 745, in _execute_command
    raise err.InterfaceError("(0, '')")
pymysql.err.InterfaceError: (0, '')
&1f072e523662ab72-13-IMPORT-Traceback (most recent call last):
  File "C:\Users\YQ\Desktop\小满海关数据爬取\step3.py", line 113, in get_data
    self.write2sql(sql)
  File "C:\Users\YQ\Desktop\小满海关数据爬取\step3.py", line 215, in write2sql
    cur1.execute(sql)
  File "D:\Anaconda\lib\site-packages\pymysql\cursors.py", line 170, in execute
    result = self._query(query)
  File "D:\Anaconda\lib\site-packages\pymysql\cursors.py", line 328, in _query
    conn.query(q)
  File "D:\Anaconda\lib\site-packages\pymysql\connections.py", line 515, in query
    self._execute_command(COMMAND.COM_QUERY, sql)
  File "D:\Anaconda\lib\site-packages\pymysql\connections.py", line 745, in _execute_command
    raise err.InterfaceError("(0, '')")
pymysql.err.InterfaceError: (0, '')
&1f072e523662ab72-14-IMPORT-Traceback (most recent call last):
  File "C:\Users\YQ\Desktop\小满海关数据爬取\step3.py", line 113, in get_data
    self.write2sql(sql)
  File "C:\Users\YQ\Desktop\小满海关数据爬取\step3.py", line 215, in write2sql
    cur1.execute(sql)
  File "D:\Anaconda\lib\site-packages\pymysql\cursors.py", line 170, in execute
    result = self._query(query)
  File "D:\Anaconda\lib\site-packages\pymysql\cursors.py", line 328, in _query
    conn.query(q)
  File "D:\Anaconda\lib\site-packages\pymysql\connections.py", line 515, in query
    self._execute_command(COMMAND.COM_QUERY, sql)
  File "D:\Anaconda\lib\site-packages\pymysql\connections.py", line 745, in _execute_command
    raise err.InterfaceError("(0, '')")
pymysql.err.InterfaceError: (0, '')
&1f072e523662ab72-15-IMPORT-Traceback (most recent call last):
  File "C:\Users\YQ\Desktop\小满海关数据爬取\step3.py", line 113, in get_data
    self.write2sql(sql)
  File "C:\Users\YQ\Desktop\小满海关数据爬取\step3.py", line 215, in write2sql
    cur1.execute(sql)
  File "D:\Anaconda\lib\site-packages\pymysql\cursors.py", line 170, in execute
    result = self._query(query)
  File "D:\Anaconda\lib\site-packages\pymysql\cursors.py", line 328, in _query
    conn.query(q)
  File "D:\Anaconda\lib\site-packages\pymysql\connections.py", line 515, in query
    self._execute_command(COMMAND.COM_QUERY, sql)
  File "D:\Anaconda\lib\site-packages\pymysql\connections.py", line 745, in _execute_command
    raise err.InterfaceError("(0, '')")
pymysql.err.InterfaceError: (0, '')
&1f072e523662ab72-16-IMPORT-Traceback (most recent call last):
  File "C:\Users\YQ\Desktop\小满海关数据爬取\step3.py", line 113, in get_data
    self.write2sql(sql)
  File "C:\Users\YQ\Desktop\小满海关数据爬取\step3.py", line 215, in write2sql
    cur1.execute(sql)
  File "D:\Anaconda\lib\site-packages\pymysql\cursors.py", line 170, in execute
    result = self._query(query)
  File "D:\Anaconda\lib\site-packages\pymysql\cursors.py", line 328, in _query
    conn.query(q)
  File "D:\Anaconda\lib\site-packages\pymysql\connections.py", line 515, in query
    self._execute_command(COMMAND.COM_QUERY, sql)
  File "D:\Anaconda\lib\site-packages\pymysql\connections.py", line 745, in _execute_command
    raise err.InterfaceError("(0, '')")
pymysql.err.InterfaceError: (0, '')
&1f072e523662ab72-17-IMPORT-Traceback (most recent call last):
  File "C:\Users\YQ\Desktop\小满海关数据爬取\step3.py", line 113, in get_data
    self.write2sql(sql)
  File "C:\Users\YQ\Desktop\小满海关数据爬取\step3.py", line 215, in write2sql
    cur1.execute(sql)
  File "D:\Anaconda\lib\site-packages\pymysql\cursors.py", line 170, in execute
    result = self._query(query)
  File "D:\Anaconda\lib\site-packages\pymysql\cursors.py", line 328, in _query
    conn.query(q)
  File "D:\Anaconda\lib\site-packages\pymysql\connections.py", line 515, in query
    self._execute_command(COMMAND.COM_QUERY, sql)
  File "D:\Anaconda\lib\site-packages\pymysql\connections.py", line 745, in _execute_command
    raise err.InterfaceError("(0, '')")
pymysql.err.InterfaceError: (0, '')
&1f072e523662ab72-18-IMPORT-Traceback (most recent call last):
  File "C:\Users\YQ\Desktop\小满海关数据爬取\step3.py", line 113, in get_data
    self.write2sql(sql)
  File "C:\Users\YQ\Desktop\小满海关数据爬取\step3.py", line 215, in write2sql
    cur1.execute(sql)
  File "D:\Anaconda\lib\site-packages\pymysql\cursors.py", line 170, in execute
    result = self._query(query)
  File "D:\Anaconda\lib\site-packages\pymysql\cursors.py", line 328, in _query
    conn.query(q)
  File "D:\Anaconda\lib\site-packages\pymysql\connections.py", line 515, in query
    self._execute_command(COMMAND.COM_QUERY, sql)
  File "D:\Anaconda\lib\site-packages\pymysql\connections.py", line 745, in _execute_command
    raise err.InterfaceError("(0, '')")
pymysql.err.InterfaceError: (0, '')
&1f072e523662ab72-19-IMPORT-Traceback (most recent call last):
  File "C:\Users\YQ\Desktop\小满海关数据爬取\step3.py", line 113, in get_data
    self.write2sql(sql)
  File "C:\Users\YQ\Desktop\小满海关数据爬取\step3.py", line 215, in write2sql
    cur1.execute(sql)
  File "D:\Anaconda\lib\site-packages\pymysql\cursors.py", line 170, in execute
    result = self._query(query)
  File "D:\Anaconda\lib\site-packages\pymysql\cursors.py", line 328, in _query
    conn.query(q)
  File "D:\Anaconda\lib\site-packages\pymysql\connections.py", line 515, in query
    self._execute_command(COMMAND.COM_QUERY, sql)
  File "D:\Anaconda\lib\site-packages\pymysql\connections.py", line 745, in _execute_command
    raise err.InterfaceError("(0, '')")
pymysql.err.InterfaceError: (0, '')
&1f072e523662ab72-20-IMPORT-Traceback (most recent call last):
  File "C:\Users\YQ\Desktop\小满海关数据爬取\step3.py", line 113, in get_data
    self.write2sql(sql)
  File "C:\Users\YQ\Desktop\小满海关数据爬取\step3.py", line 215, in write2sql
    cur1.execute(sql)
  File "D:\Anaconda\lib\site-packages\pymysql\cursors.py", line 170, in execute
    result = self._query(query)
  File "D:\Anaconda\lib\site-packages\pymysql\cursors.py", line 328, in _query
    conn.query(q)
  File "D:\Anaconda\lib\site-packages\pymysql\connections.py", line 515, in query
    self._execute_command(COMMAND.COM_QUERY, sql)
  File "D:\Anaconda\lib\site-packages\pymysql\connections.py", line 745, in _execute_command
    raise err.InterfaceError("(0, '')")
pymysql.err.InterfaceError: (0, '')
&1f072e523662ab72-21-IMPORT-Traceback (most recent call last):
  File "C:\Users\YQ\Desktop\小满海关数据爬取\step3.py", line 113, in get_data
    self.write2sql(sql)
  File "C:\Users\YQ\Desktop\小满海关数据爬取\step3.py", line 215, in write2sql
    cur1.execute(sql)
  File "D:\Anaconda\lib\site-packages\pymysql\cursors.py", line 170, in execute
    result = self._query(query)
  File "D:\Anaconda\lib\site-packages\pymysql\cursors.py", line 328, in _query
    conn.query(q)
  File "D:\Anaconda\lib\site-packages\pymysql\connections.py", line 515, in query
    self._execute_command(COMMAND.COM_QUERY, sql)
  File "D:\Anaconda\lib\site-packages\pymysql\connections.py", line 745, in _execute_command
    raise err.InterfaceError("(0, '')")
pymysql.err.InterfaceError: (0, '')
&1f072e523662ab72-22-IMPORT-Traceback (most recent call last):
  File "C:\Users\YQ\Desktop\小满海关数据爬取\step3.py", line 113, in get_data
    self.write2sql(sql)
  File "C:\Users\YQ\Desktop\小满海关数据爬取\step3.py", line 215, in write2sql
    cur1.execute(sql)
  File "D:\Anaconda\lib\site-packages\pymysql\cursors.py", line 170, in execute
    result = self._query(query)
  File "D:\Anaconda\lib\site-packages\pymysql\cursors.py", line 328, in _query
    conn.query(q)
  File "D:\Anaconda\lib\site-packages\pymysql\connections.py", line 515, in query
    self._execute_command(COMMAND.COM_QUERY, sql)
  File "D:\Anaconda\lib\site-packages\pymysql\connections.py", line 745, in _execute_command
    raise err.InterfaceError("(0, '')")
pymysql.err.InterfaceError: (0, '')
&1f072e523662ab72-1-EXPORT-Traceback (most recent call last):
  File "C:\Users\YQ\Desktop\小满海关数据爬取\step3.py", line 113, in get_data
    self.write2sql(sql)
  File "C:\Users\YQ\Desktop\小满海关数据爬取\step3.py", line 215, in write2sql
    cur1.execute(sql)
  File "D:\Anaconda\lib\site-packages\pymysql\cursors.py", line 170, in execute
    result = self._query(query)
  File "D:\Anaconda\lib\site-packages\pymysql\cursors.py", line 328, in _query
    conn.query(q)
  File "D:\Anaconda\lib\site-packages\pymysql\connections.py", line 515, in query
    self._execute_command(COMMAND.COM_QUERY, sql)
  File "D:\Anaconda\lib\site-packages\pymysql\connections.py", line 745, in _execute_command
    raise err.InterfaceError("(0, '')")
pymysql.err.InterfaceError: (0, '')
&1f072e523662ab72-2-EXPORT-Traceback (most recent call last):
  File "C:\Users\YQ\Desktop\小满海关数据爬取\step3.py", line 113, in get_data
    self.write2sql(sql)
  File "C:\Users\YQ\Desktop\小满海关数据爬取\step3.py", line 215, in write2sql
    cur1.execute(sql)
  File "D:\Anaconda\lib\site-packages\pymysql\cursors.py", line 170, in execute
    result = self._query(query)
  File "D:\Anaconda\lib\site-packages\pymysql\cursors.py", line 328, in _query
    conn.query(q)
  File "D:\Anaconda\lib\site-packages\pymysql\connections.py", line 515, in query
    self._execute_command(COMMAND.COM_QUERY, sql)
  File "D:\Anaconda\lib\site-packages\pymysql\connections.py", line 745, in _execute_command
    raise err.InterfaceError("(0, '')")
pymysql.err.InterfaceError: (0, '')
&1f072e523662ab72-3-EXPORT-Traceback (most recent call last):
  File "C:\Users\YQ\Desktop\小满海关数据爬取\step3.py", line 113, in get_data
    self.write2sql(sql)
  File "C:\Users\YQ\Desktop\小满海关数据爬取\step3.py", line 215, in write2sql
    cur1.execute(sql)
  File "D:\Anaconda\lib\site-packages\pymysql\cursors.py", line 170, in execute
    result = self._query(query)
  File "D:\Anaconda\lib\site-packages\pymysql\cursors.py", line 328, in _query
    conn.query(q)
  File "D:\Anaconda\lib\site-packages\pymysql\connections.py", line 515, in query
    self._execute_command(COMMAND.COM_QUERY, sql)
  File "D:\Anaconda\lib\site-packages\pymysql\connections.py", line 745, in _execute_command
    raise err.InterfaceError("(0, '')")
pymysql.err.InterfaceError: (0, '')
&