cc4cee40be258ea2-163-EXPORT-Traceback (most recent call last):
  File "C:\Users\lenovo\Desktop\小满海关数据爬取\step3.py", line 83, in get_data
    response = self.session.get(url=self.url1, params=params1, proxies={'http': proxy}).json()
  File "C:\ProgramData\Anaconda3\lib\site-packages\requests\models.py", line 892, in json
    return complexjson.loads(self.text, **kwargs)
  File "C:\ProgramData\Anaconda3\lib\json\__init__.py", line 354, in loads
    return _default_decoder.decode(s)
  File "C:\ProgramData\Anaconda3\lib\json\decoder.py", line 339, in decode
    obj, end = self.raw_decode(s, idx=_w(s, 0).end())
  File "C:\ProgramData\Anaconda3\lib\json\decoder.py", line 357, in raw_decode
    raise JSONDecodeError("Expecting value", s, err.value) from None
json.decoder.JSONDecodeError: Expecting value: line 1 column 1 (char 0)
&cc4cee40be258ea2-164-EXPORT-Traceback (most recent call last):
  File "C:\Users\lenovo\Desktop\小满海关数据爬取\step3.py", line 83, in get_data
    response = self.session.get(url=self.url1, params=params1, proxies={'http': proxy}).json()
  File "C:\ProgramData\Anaconda3\lib\site-packages\requests\models.py", line 892, in json
    return complexjson.loads(self.text, **kwargs)
  File "C:\ProgramData\Anaconda3\lib\json\__init__.py", line 354, in loads
    return _default_decoder.decode(s)
  File "C:\ProgramData\Anaconda3\lib\json\decoder.py", line 339, in decode
    obj, end = self.raw_decode(s, idx=_w(s, 0).end())
  File "C:\ProgramData\Anaconda3\lib\json\decoder.py", line 357, in raw_decode
    raise JSONDecodeError("Expecting value", s, err.value) from None
json.decoder.JSONDecodeError: Expecting value: line 1 column 1 (char 0)
&cc4cee40be258ea2-167-EXPORT-Traceback (most recent call last):
  File "C:\Users\lenovo\Desktop\小满海关数据爬取\step3.py", line 115, in get_data
    self.get_data1(i['id'], hashid)
  File "C:\Users\lenovo\Desktop\小满海关数据爬取\step3.py", line 128, in get_data1
    user, proxy, cookies = get_cookie()
  File "C:\Users\lenovo\Desktop\小满海关数据爬取\Util\tools.py", line 139, in get_cookie
    user, proxy, cookies_ = cookies()
  File "C:\Users\lenovo\Desktop\小满海关数据爬取\Util\tools.py", line 107, in cookies
    remove_cookie(users)
  File "C:\Users\lenovo\Desktop\小满海关数据爬取\Util\tools.py", line 126, in remove_cookie
    cookies.pop(user)
TypeError: unhashable type: 'dict'
&cc4cee40be258ea2-325-EXPORT-Traceback (most recent call last):
  File "C:\Users\lenovo\Desktop\小满海关数据爬取\step3.py", line 115, in get_data
    self.get_data1(i['id'], hashid)
  File "C:\Users\lenovo\Desktop\小满海关数据爬取\step3.py", line 128, in get_data1
    user, proxy, cookies = get_cookie()
  File "C:\Users\lenovo\Desktop\小满海关数据爬取\Util\tools.py", line 139, in get_cookie
    user, proxy, cookies_ = cookies()
  File "C:\Users\lenovo\Desktop\小满海关数据爬取\Util\tools.py", line 107, in cookies
    remove_cookie(users)
  File "C:\Users\lenovo\Desktop\小满海关数据爬取\Util\tools.py", line 126, in remove_cookie
    cookies.pop(user)
TypeError: unhashable type: 'dict'
&44a051f82184af20-1-EXPORT-Traceback (most recent call last):
  File "C:\Users\lenovo\Desktop\小满海关数据爬取\step3.py", line 83, in get_data
    response = self.session.get(url=self.url1, params=params1, proxies={'http': proxy}).json()
  File "C:\ProgramData\Anaconda3\lib\site-packages\requests\models.py", line 892, in json
    return complexjson.loads(self.text, **kwargs)
  File "C:\ProgramData\Anaconda3\lib\json\__init__.py", line 354, in loads
    return _default_decoder.decode(s)
  File "C:\ProgramData\Anaconda3\lib\json\decoder.py", line 339, in decode
    obj, end = self.raw_decode(s, idx=_w(s, 0).end())
  File "C:\ProgramData\Anaconda3\lib\json\decoder.py", line 357, in raw_decode
    raise JSONDecodeError("Expecting value", s, err.value) from None
json.decoder.JSONDecodeError: Expecting value: line 1 column 1 (char 0)
&7445c5ff95ed8daf-24-IMPORT-Traceback (most recent call last):
  File "C:\Users\lenovo\Desktop\小满海关数据爬取\step3.py", line 83, in get_data
    response = self.session.get(url=self.url1, params=params1, proxies={'http': proxy}).json()
  File "C:\ProgramData\Anaconda3\lib\site-packages\requests\models.py", line 892, in json
    return complexjson.loads(self.text, **kwargs)
  File "C:\ProgramData\Anaconda3\lib\json\__init__.py", line 354, in loads
    return _default_decoder.decode(s)
  File "C:\ProgramData\Anaconda3\lib\json\decoder.py", line 339, in decode
    obj, end = self.raw_decode(s, idx=_w(s, 0).end())
  File "C:\ProgramData\Anaconda3\lib\json\decoder.py", line 357, in raw_decode
    raise JSONDecodeError("Expecting value", s, err.value) from None
json.decoder.JSONDecodeError: Expecting value: line 1 column 1 (char 0)
&7445c5ff95ed8daf-25-IMPORT-Traceback (most recent call last):
  File "C:\Users\lenovo\Desktop\小满海关数据爬取\step3.py", line 83, in get_data
    response = self.session.get(url=self.url1, params=params1, proxies={'http': proxy}).json()
  File "C:\ProgramData\Anaconda3\lib\site-packages\requests\models.py", line 892, in json
    return complexjson.loads(self.text, **kwargs)
  File "C:\ProgramData\Anaconda3\lib\json\__init__.py", line 354, in loads
    return _default_decoder.decode(s)
  File "C:\ProgramData\Anaconda3\lib\json\decoder.py", line 339, in decode
    obj, end = self.raw_decode(s, idx=_w(s, 0).end())
  File "C:\ProgramData\Anaconda3\lib\json\decoder.py", line 357, in raw_decode
    raise JSONDecodeError("Expecting value", s, err.value) from None
json.decoder.JSONDecodeError: Expecting value: line 1 column 1 (char 0)
&India2017f469ba826075966e523ea12a317ca74b-Traceback (most recent call last):
  File "C:\ProgramData\Anaconda3\lib\site-packages\urllib3\connectionpool.py", line 601, in urlopen
    chunked=chunked)
  File "C:\ProgramData\Anaconda3\lib\site-packages\urllib3\connectionpool.py", line 387, in _make_request
    six.raise_from(e, None)
  File "<string>", line 2, in raise_from
  File "C:\ProgramData\Anaconda3\lib\site-packages\urllib3\connectionpool.py", line 383, in _make_request
    httplib_response = conn.getresponse()
  File "C:\ProgramData\Anaconda3\lib\http\client.py", line 1331, in getresponse
    response.begin()
  File "C:\ProgramData\Anaconda3\lib\http\client.py", line 297, in begin
    version, status, reason = self._read_status()
  File "C:\ProgramData\Anaconda3\lib\http\client.py", line 258, in _read_status
    line = str(self.fp.readline(_MAXLINE + 1), "iso-8859-1")
  File "C:\ProgramData\Anaconda3\lib\socket.py", line 586, in readinto
    return self._sock.recv_into(b)
  File "C:\ProgramData\Anaconda3\lib\site-packages\urllib3\contrib\pyopenssl.py", line 285, in recv_into
    raise SocketError(str(e))
OSError: (10060, 'WSAETIMEDOUT')

During handling of the above exception, another exception occurred:

Traceback (most recent call last):
  File "C:\ProgramData\Anaconda3\lib\site-packages\requests\adapters.py", line 440, in send
    timeout=timeout
  File "C:\ProgramData\Anaconda3\lib\site-packages\urllib3\connectionpool.py", line 639, in urlopen
    _stacktrace=sys.exc_info()[2])
  File "C:\ProgramData\Anaconda3\lib\site-packages\urllib3\util\retry.py", line 357, in increment
    raise six.reraise(type(error), error, _stacktrace)
  File "C:\ProgramData\Anaconda3\lib\site-packages\urllib3\packages\six.py", line 685, in reraise
    raise value.with_traceback(tb)
  File "C:\ProgramData\Anaconda3\lib\site-packages\urllib3\connectionpool.py", line 601, in urlopen
    chunked=chunked)
  File "C:\ProgramData\Anaconda3\lib\site-packages\urllib3\connectionpool.py", line 387, in _make_request
    six.raise_from(e, None)
  File "<string>", line 2, in raise_from
  File "C:\ProgramData\Anaconda3\lib\site-packages\urllib3\connectionpool.py", line 383, in _make_request
    httplib_response = conn.getresponse()
  File "C:\ProgramData\Anaconda3\lib\http\client.py", line 1331, in getresponse
    response.begin()
  File "C:\ProgramData\Anaconda3\lib\http\client.py", line 297, in begin
    version, status, reason = self._read_status()
  File "C:\ProgramData\Anaconda3\lib\http\client.py", line 258, in _read_status
    line = str(self.fp.readline(_MAXLINE + 1), "iso-8859-1")
  File "C:\ProgramData\Anaconda3\lib\socket.py", line 586, in readinto
    return self._sock.recv_into(b)
  File "C:\ProgramData\Anaconda3\lib\site-packages\urllib3\contrib\pyopenssl.py", line 285, in recv_into
    raise SocketError(str(e))
urllib3.exceptions.ProtocolError: ('Connection aborted.', OSError("(10060, 'WSAETIMEDOUT')",))

During handling of the above exception, another exception occurred:

Traceback (most recent call last):
  File "C:\Users\lenovo\Desktop\小满海关数据爬取\step3.py", line 133, in get_data1
    response = self.session.get(url=url, proxies={'http': proxy}).json()
  File "C:\ProgramData\Anaconda3\lib\site-packages\requests\sessions.py", line 521, in get
    return self.request('GET', url, **kwargs)
  File "C:\ProgramData\Anaconda3\lib\site-packages\requests\sessions.py", line 508, in request
    resp = self.send(prep, **send_kwargs)
  File "C:\ProgramData\Anaconda3\lib\site-packages\requests\sessions.py", line 618, in send
    r = adapter.send(request, **kwargs)
  File "C:\ProgramData\Anaconda3\lib\site-packages\requests\adapters.py", line 490, in send
    raise ConnectionError(err, request=request)
requests.exceptions.ConnectionError: ('Connection aborted.', OSError("(10060, 'WSAETIMEDOUT')",))
&